#
# There is insufficient memory for the Java Runtime Environment to continue.
# Native memory allocation (malloc) failed to allocate 742896 bytes for Chunk::new
# Possible reasons:
#   The system is out of physical RAM or swap space
#   The process is running with CompressedOops enabled, and the Java Heap may be blocking the growth of the native heap
# Possible solutions:
#   Reduce memory load on the system
#   Increase physical memory or swap space
#   Check if swap backing store is full
#   Decrease Java heap size (-Xmx/-Xms)
#   Decrease number of Java threads
#   Decrease Java thread stack sizes (-Xss)
#   Set larger code cache with -XX:ReservedCodeCacheSize=
#   JVM is running with Unscaled Compressed Oops mode in which the Java heap is
#     placed in the first 4GB address space. The Java Heap base address is the
#     maximum limit for the native heap growth. Please use -XX:HeapBaseMinAddress
#     to set the Java Heap base and to place the Java Heap above 4GB virtual address.
# This output file may be truncated or incomplete.
#
#  Out of Memory Error (./src/hotspot/share/memory/arena.cpp:197), pid=7580, tid=1580
#
# JRE version: OpenJDK Runtime Environment AdoptOpenJDK-11.0.11+9 (11.0.11+9) (build 11.0.11+9)
# Java VM: OpenJDK 64-Bit Server VM AdoptOpenJDK-11.0.11+9 (11.0.11+9, mixed mode, tiered, compressed oops, g1 gc, windows-amd64)
# No core dump will be written. Minidumps are not enabled by default on client versions of Windows
#

---------------  S U M M A R Y ------------

Command Line: -agentlib:jdwp=transport=dt_socket,server=n,suspend=y,address=localhost:56230 -Dfile.encoding=UTF-8 com.mycompany.library_project.FakeApp

Host: Intel(R) Core(TM) i7-8565U CPU @ 1.80GHz, 8 cores, 7G,  Windows 10 , 64 bit Build 19041 (10.0.19041.1149)
Time: Sun Jul 25 01:41:00 2021 SE Asia Standard Time elapsed time: 1071.446144 seconds (0d 0h 17m 51s)

---------------  T H R E A D  ---------------

Current thread (0x000001d8ff56e800):  JavaThread "C2 CompilerThread0" daemon [_thread_in_native, id=1580, stack(0x00000019fa000000,0x00000019fa100000)]


Current CompileTask:
C2:1071446 6511       4       com.sun.javafx.sg.prism.NGRegion::renderBorderRectangle (2679 bytes)

Stack: [0x00000019fa000000,0x00000019fa100000]
Native frames: (J=compiled Java code, j=interpreted, Vv=VM code, C=native code)
V  [jvm.dll+0x5f7e5a]
V  [jvm.dll+0x77ff2e]
V  [jvm.dll+0x7815ff]
V  [jvm.dll+0x781cc3]
V  [jvm.dll+0x247408]
V  [jvm.dll+0xbe69c]
V  [jvm.dll+0xbed9c]
V  [jvm.dll+0x34cb02]
V  [jvm.dll+0x31a653]
V  [jvm.dll+0x31998a]
V  [jvm.dll+0x200d85]
V  [jvm.dll+0x1fff6f]
V  [jvm.dll+0x184f1c]
V  [jvm.dll+0x20f3e7]
V  [jvm.dll+0x20d5cb]
V  [jvm.dll+0x7442f9]
V  [jvm.dll+0x73d364]
V  [jvm.dll+0x5f6cd6]
C  [ucrtbase.dll+0x21bb2]
C  [KERNEL32.DLL+0x17034]
C  [ntdll.dll+0x52651]


---------------  P R O C E S S  ---------------

Threads class SMR info:
_java_thread_list=0x000001d88dbdd1b0, length=27, elements={
0x000001d8e45e7800, 0x000001d8ff54d000, 0x000001d8ff54e000, 0x000001d883f52800,
0x000001d883f53800, 0x000001d8ff56a800, 0x000001d8ff56e800, 0x000001d8ff570000,
0x000001d8ff571000, 0x000001d8840f6000, 0x000001d8840f8800, 0x000001d8840f9800,
0x000001d884116000, 0x000001d8841f3800, 0x000001d88529c800, 0x000001d885421000,
0x000001d88545f000, 0x000001d8852f6800, 0x000001d88ad20800, 0x000001d886012800,
0x000001d88cc39800, 0x000001d88afb0000, 0x000001d88afb1000, 0x000001d88afb2800,
0x000001d88afb5000, 0x000001d88afb3800, 0x000001d88afb2000
}

Java Threads: ( => current thread )
  0x000001d8e45e7800 JavaThread "main" [_thread_blocked, id=16344, stack(0x00000019f9400000,0x00000019f9500000)]
  0x000001d8ff54d000 JavaThread "Reference Handler" daemon [_thread_blocked, id=2888, stack(0x00000019f9b00000,0x00000019f9c00000)]
  0x000001d8ff54e000 JavaThread "Finalizer" daemon [_thread_blocked, id=9732, stack(0x00000019f9c00000,0x00000019f9d00000)]
  0x000001d883f52800 JavaThread "Signal Dispatcher" daemon [_thread_blocked, id=3708, stack(0x00000019f9d00000,0x00000019f9e00000)]
  0x000001d883f53800 JavaThread "Attach Listener" daemon [_thread_blocked, id=9356, stack(0x00000019f9e00000,0x00000019f9f00000)]
  0x000001d8ff56a800 JavaThread "Service Thread" daemon [_thread_blocked, id=8720, stack(0x00000019f9f00000,0x00000019fa000000)]
=>0x000001d8ff56e800 JavaThread "C2 CompilerThread0" daemon [_thread_in_native, id=1580, stack(0x00000019fa000000,0x00000019fa100000)]
  0x000001d8ff570000 JavaThread "C1 CompilerThread0" daemon [_thread_blocked, id=2940, stack(0x00000019fa100000,0x00000019fa200000)]
  0x000001d8ff571000 JavaThread "Sweeper thread" daemon [_thread_blocked, id=7296, stack(0x00000019fa200000,0x00000019fa300000)]
  0x000001d8840f6000 JavaThread "JDWP Transport Listener: dt_socket" daemon [_thread_blocked, id=16792, stack(0x00000019fa300000,0x00000019fa400000)]
  0x000001d8840f8800 JavaThread "JDWP Event Helper Thread" daemon [_thread_blocked, id=18360, stack(0x00000019fa400000,0x00000019fa500000)]
  0x000001d8840f9800 JavaThread "JDWP Command Reader" daemon [_thread_in_native, id=18356, stack(0x00000019fa500000,0x00000019fa600000)]
  0x000001d884116000 JavaThread "Common-Cleaner" daemon [_thread_blocked, id=18412, stack(0x00000019fa700000,0x00000019fa800000)]
  0x000001d8841f3800 JavaThread "JavaFX-Launcher" [_thread_blocked, id=15884, stack(0x00000019fa800000,0x00000019fa900000)]
  0x000001d88529c800 JavaThread "QuantumRenderer-0" daemon [_thread_blocked, id=11080, stack(0x00000019faa00000,0x00000019fab00000)]
  0x000001d885421000 JavaThread "InvokeLaterDispatcher" daemon [_thread_blocked, id=12652, stack(0x00000019fab00000,0x00000019fac00000)]
  0x000001d88545f000 JavaThread "JavaFX Application Thread" [_thread_in_native, id=15200, stack(0x00000019fac00000,0x00000019fad00000)]
  0x000001d8852f6800 JavaThread "Thread-2" daemon [_thread_in_native, id=8628, stack(0x00000019fb500000,0x00000019fb600000)]
  0x000001d88ad20800 JavaThread "Prism Font Disposer" daemon [_thread_blocked, id=14212, stack(0x00000019fbb00000,0x00000019fbc00000)]
  0x000001d886012800 JavaThread "ForkJoinPool.commonPool-worker-3" daemon [_thread_blocked, id=9068, stack(0x00000019fbc00000,0x00000019fbd00000)]
  0x000001d88cc39800 JavaThread "Cleaner-0" daemon [_thread_blocked, id=4252, stack(0x00000019fbd00000,0x00000019fbe00000)]
  0x000001d88afb0000 JavaThread "ForkJoinPool.commonPool-worker-5" daemon [_thread_blocked, id=12560, stack(0x00000019faf00000,0x00000019fb000000)]
  0x000001d88afb1000 JavaThread "ForkJoinPool.commonPool-worker-7" daemon [_thread_blocked, id=16608, stack(0x00000019fb600000,0x00000019fb700000)]
  0x000001d88afb2800 JavaThread "ForkJoinPool.commonPool-worker-9" daemon [_thread_blocked, id=17604, stack(0x00000019fb700000,0x00000019fb800000)]
  0x000001d88afb5000 JavaThread "ForkJoinPool.commonPool-worker-11" daemon [_thread_blocked, id=12004, stack(0x00000019fb800000,0x00000019fb900000)]
  0x000001d88afb3800 JavaThread "ForkJoinPool.commonPool-worker-13" daemon [_thread_blocked, id=6592, stack(0x00000019fb900000,0x00000019fba00000)]
  0x000001d88afb2000 JavaThread "ForkJoinPool.commonPool-worker-15" daemon [_thread_blocked, id=2460, stack(0x00000019fbe00000,0x00000019fbf00000)]

Other Threads:
  0x000001d8ff528000 VMThread "VM Thread" [stack: 0x00000019f9a00000,0x00000019f9b00000] [id=12464]
  0x000001d8840fc800 WatcherThread [stack: 0x00000019fa600000,0x00000019fa700000] [id=13248]
  0x000001d8e45fc800 GCTaskThread "GC Thread#0" [stack: 0x00000019f9500000,0x00000019f9600000] [id=13640]
  0x000001d88592c000 GCTaskThread "GC Thread#1" [stack: 0x00000019fb000000,0x00000019fb100000] [id=12328]
  0x000001d8855e4800 GCTaskThread "GC Thread#2" [stack: 0x00000019fb100000,0x00000019fb200000] [id=17792]
  0x000001d8855f7800 GCTaskThread "GC Thread#3" [stack: 0x00000019fb200000,0x00000019fb300000] [id=10508]
  0x000001d88592a800 GCTaskThread "GC Thread#4" [stack: 0x00000019fb300000,0x00000019fb400000] [id=17896]
  0x000001d8858e0000 GCTaskThread "GC Thread#5" [stack: 0x00000019fb400000,0x00000019fb500000] [id=11128]
  0x000001d8e462f000 ConcurrentGCThread "G1 Main Marker" [stack: 0x00000019f9600000,0x00000019f9700000] [id=17980]
  0x000001d8e4630800 ConcurrentGCThread "G1 Conc#0" [stack: 0x00000019f9700000,0x00000019f9800000] [id=9768]
  0x000001d88c942000 ConcurrentGCThread "G1 Conc#1" [stack: 0x00000019fba00000,0x00000019fbb00000] [id=4800]
  0x000001d8ff390800 ConcurrentGCThread "G1 Refine#0" [stack: 0x00000019f9800000,0x00000019f9900000] [id=16388]
  0x000001d8ff391800 ConcurrentGCThread "G1 Young RemSet Sampling" [stack: 0x00000019f9900000,0x00000019f9a00000] [id=1220]

Threads with active compile tasks:
C2 CompilerThread01071489 6511       4       com.sun.javafx.sg.prism.NGRegion::renderBorderRectangle (2679 bytes)

VM state:not at safepoint (normal execution)

VM Mutex/Monitor currently owned by a thread: None

Heap address: 0x0000000083c00000, size: 1988 MB, Compressed Oops mode: 32-bit
Narrow klass base: 0x0000000000000000, Narrow klass shift: 3
Compressed class space size: 1073741824 Address: 0x0000000100000000

Heap:
 garbage-first heap   total 129024K, used 87574K [0x0000000083c00000, 0x0000000100000000)
  region size 1024K, 32 young (32768K), 2 survivors (2048K)
 Metaspace       used 35598K, capacity 37321K, committed 37504K, reserved 1081344K
  class space    used 4561K, capacity 5249K, committed 5376K, reserved 1048576K
Heap Regions: E=young(eden), S=young(survivor), O=old, HS=humongous(starts), HC=humongous(continues), CS=collection set, F=free, A=archive, TAMS=top-at-mark-start (previous, next)
|   0|0x0000000083c00000, 0x0000000083d00000, 0x0000000083d00000|100%| O|  |TAMS 0x0000000083d00000, 0x0000000083c00000| Untracked 
|   1|0x0000000083d00000, 0x0000000083e00000, 0x0000000083e00000|100%| O|  |TAMS 0x0000000083e00000, 0x0000000083d00000| Untracked 
|   2|0x0000000083e00000, 0x0000000083f00000, 0x0000000083f00000|100%| O|  |TAMS 0x0000000083f00000, 0x0000000083e00000| Untracked 
|   3|0x0000000083f00000, 0x0000000084000000, 0x0000000084000000|100%|HS|  |TAMS 0x0000000084000000, 0x0000000083f00000| Complete 
|   4|0x0000000084000000, 0x0000000084100000, 0x0000000084100000|100%|HC|  |TAMS 0x0000000084100000, 0x0000000084000000| Complete 
|   5|0x0000000084100000, 0x0000000084200000, 0x0000000084200000|100%|HC|  |TAMS 0x0000000084200000, 0x0000000084100000| Complete 
|   6|0x0000000084200000, 0x0000000084300000, 0x0000000084300000|100%|HC|  |TAMS 0x0000000084300000, 0x0000000084200000| Complete 
|   7|0x0000000084300000, 0x0000000084400000, 0x0000000084400000|100%|HS|  |TAMS 0x0000000084400000, 0x0000000084300000| Complete 
|   8|0x0000000084400000, 0x0000000084500000, 0x0000000084500000|100%|HC|  |TAMS 0x0000000084500000, 0x0000000084400000| Complete 
|   9|0x0000000084500000, 0x0000000084600000, 0x0000000084600000|100%|HC|  |TAMS 0x0000000084600000, 0x0000000084500000| Complete 
|  10|0x0000000084600000, 0x0000000084700000, 0x0000000084700000|100%|HC|  |TAMS 0x0000000084700000, 0x0000000084600000| Complete 
|  11|0x0000000084700000, 0x0000000084800000, 0x0000000084800000|100%|HC|  |TAMS 0x0000000084800000, 0x0000000084700000| Complete 
|  12|0x0000000084800000, 0x0000000084900000, 0x0000000084900000|100%|HC|  |TAMS 0x0000000084900000, 0x0000000084800000| Complete 
|  13|0x0000000084900000, 0x0000000084a00000, 0x0000000084a00000|100%|HC|  |TAMS 0x0000000084a00000, 0x0000000084900000| Complete 
|  14|0x0000000084a00000, 0x0000000084b00000, 0x0000000084b00000|100%|HC|  |TAMS 0x0000000084b00000, 0x0000000084a00000| Complete 
|  15|0x0000000084b00000, 0x0000000084c00000, 0x0000000084c00000|100%|HC|  |TAMS 0x0000000084c00000, 0x0000000084b00000| Complete 
|  16|0x0000000084c00000, 0x0000000084d00000, 0x0000000084d00000|100%|HC|  |TAMS 0x0000000084d00000, 0x0000000084c00000| Complete 
|  17|0x0000000084d00000, 0x0000000084d00000, 0x0000000084e00000|  0%| F|  |TAMS 0x0000000084d00000, 0x0000000084d00000| Untracked 
|  18|0x0000000084e00000, 0x0000000084e00000, 0x0000000084f00000|  0%| F|  |TAMS 0x0000000084e00000, 0x0000000084e00000| Untracked 
|  19|0x0000000084f00000, 0x0000000085000000, 0x0000000085000000|100%| O|  |TAMS 0x0000000085000000, 0x0000000084f00000| Untracked 
|  20|0x0000000085000000, 0x0000000085100000, 0x0000000085100000|100%| O|  |TAMS 0x0000000085100000, 0x0000000085000000| Untracked 
|  21|0x0000000085100000, 0x0000000085200000, 0x0000000085200000|100%| O|  |TAMS 0x0000000085200000, 0x0000000085100000| Untracked 
|  22|0x0000000085200000, 0x0000000085300000, 0x0000000085300000|100%| O|  |TAMS 0x0000000085300000, 0x0000000085200000| Untracked 
|  23|0x0000000085300000, 0x0000000085400000, 0x0000000085400000|100%| O|  |TAMS 0x0000000085400000, 0x0000000085300000| Untracked 
|  24|0x0000000085400000, 0x0000000085500000, 0x0000000085500000|100%| O|  |TAMS 0x0000000085500000, 0x0000000085400000| Untracked 
|  25|0x0000000085500000, 0x0000000085600000, 0x0000000085600000|100%| O|  |TAMS 0x0000000085600000, 0x0000000085500000| Untracked 
|  26|0x0000000085600000, 0x0000000085700000, 0x0000000085700000|100%|HS|  |TAMS 0x0000000085700000, 0x0000000085600000| Complete 
|  27|0x0000000085700000, 0x0000000085800000, 0x0000000085800000|100%|HC|  |TAMS 0x0000000085800000, 0x0000000085700000| Complete 
|  28|0x0000000085800000, 0x0000000085900000, 0x0000000085900000|100%|HC|  |TAMS 0x0000000085900000, 0x0000000085800000| Complete 
|  29|0x0000000085900000, 0x0000000085a00000, 0x0000000085a00000|100%|HC|  |TAMS 0x0000000085a00000, 0x0000000085900000| Complete 
|  30|0x0000000085a00000, 0x0000000085b00000, 0x0000000085b00000|100%|HC|  |TAMS 0x0000000085b00000, 0x0000000085a00000| Complete 
|  31|0x0000000085b00000, 0x0000000085c00000, 0x0000000085c00000|100%|HC|  |TAMS 0x0000000085c00000, 0x0000000085b00000| Complete 
|  32|0x0000000085c00000, 0x0000000085d00000, 0x0000000085d00000|100%|HC|  |TAMS 0x0000000085d00000, 0x0000000085c00000| Complete 
|  33|0x0000000085d00000, 0x0000000085e00000, 0x0000000085e00000|100%|HC|  |TAMS 0x0000000085e00000, 0x0000000085d00000| Complete 
|  34|0x0000000085e00000, 0x0000000085f00000, 0x0000000085f00000|100%|HC|  |TAMS 0x0000000085f00000, 0x0000000085e00000| Complete 
|  35|0x0000000085f00000, 0x0000000086000000, 0x0000000086000000|100%|HC|  |TAMS 0x0000000086000000, 0x0000000085f00000| Complete 
|  36|0x0000000086000000, 0x0000000086100000, 0x0000000086100000|100%| O|  |TAMS 0x0000000086100000, 0x0000000086000000| Untracked 
|  37|0x0000000086100000, 0x0000000086200000, 0x0000000086200000|100%| O|  |TAMS 0x0000000086200000, 0x0000000086100000| Untracked 
|  38|0x0000000086200000, 0x0000000086300000, 0x0000000086300000|100%| O|  |TAMS 0x0000000086300000, 0x0000000086200000| Untracked 
|  39|0x0000000086300000, 0x0000000086400000, 0x0000000086400000|100%| O|  |TAMS 0x0000000086400000, 0x0000000086300000| Untracked 
|  40|0x0000000086400000, 0x0000000086500000, 0x0000000086500000|100%| O|  |TAMS 0x0000000086500000, 0x0000000086400000| Untracked 
|  41|0x0000000086500000, 0x0000000086600000, 0x0000000086600000|100%| O|  |TAMS 0x0000000086600000, 0x0000000086500000| Untracked 
|  42|0x0000000086600000, 0x0000000086700000, 0x0000000086700000|100%| O|  |TAMS 0x0000000086700000, 0x0000000086600000| Untracked 
|  43|0x0000000086700000, 0x0000000086800000, 0x0000000086800000|100%| O|  |TAMS 0x0000000086800000, 0x0000000086700000| Untracked 
|  44|0x0000000086800000, 0x0000000086900000, 0x0000000086900000|100%|HS|  |TAMS 0x0000000086900000, 0x0000000086800000| Complete 
|  45|0x0000000086900000, 0x0000000086a00000, 0x0000000086a00000|100%|HC|  |TAMS 0x0000000086a00000, 0x0000000086900000| Complete 
|  46|0x0000000086a00000, 0x0000000086b00000, 0x0000000086b00000|100%|HS|  |TAMS 0x0000000086b00000, 0x0000000086a00000| Complete 
|  47|0x0000000086b00000, 0x0000000086c00000, 0x0000000086c00000|100%|HC|  |TAMS 0x0000000086c00000, 0x0000000086b00000| Complete 
|  48|0x0000000086c00000, 0x0000000086d00000, 0x0000000086d00000|100%| O|  |TAMS 0x0000000086d00000, 0x0000000086c00000| Untracked 
|  49|0x0000000086d00000, 0x0000000086e00000, 0x0000000086e00000|100%| O|  |TAMS 0x0000000086e00000, 0x0000000086d00000| Untracked 
|  50|0x0000000086e00000, 0x0000000086f00000, 0x0000000086f00000|100%| O|  |TAMS 0x0000000086f00000, 0x0000000086e00000| Untracked 
|  51|0x0000000086f00000, 0x0000000087000000, 0x0000000087000000|100%| O|  |TAMS 0x0000000087000000, 0x0000000086f00000| Untracked 
|  52|0x0000000087000000, 0x0000000087100000, 0x0000000087100000|100%| O|  |TAMS 0x0000000087100000, 0x0000000087000000| Untracked 
|  53|0x0000000087100000, 0x0000000087200000, 0x0000000087200000|100%| O|  |TAMS 0x0000000087200000, 0x0000000087100000| Untracked 
|  54|0x0000000087200000, 0x0000000087300000, 0x0000000087300000|100%| O|  |TAMS 0x0000000087300000, 0x0000000087200000| Untracked 
|  55|0x0000000087300000, 0x0000000087400000, 0x0000000087400000|100%| O|  |TAMS 0x0000000087400000, 0x0000000087300000| Untracked 
|  56|0x0000000087400000, 0x0000000087500000, 0x0000000087500000|100%| O|  |TAMS 0x0000000087500000, 0x0000000087400000| Untracked 
|  57|0x0000000087500000, 0x0000000087565000, 0x0000000087600000| 39%| O|  |TAMS 0x0000000087565000, 0x0000000087500000| Untracked 
|  58|0x0000000087600000, 0x0000000087600000, 0x0000000087700000|  0%| F|  |TAMS 0x0000000087600000, 0x0000000087600000| Untracked 
|  59|0x0000000087700000, 0x0000000087700000, 0x0000000087800000|  0%| F|  |TAMS 0x0000000087700000, 0x0000000087700000| Untracked 
|  60|0x0000000087800000, 0x0000000087800000, 0x0000000087900000|  0%| F|  |TAMS 0x0000000087800000, 0x0000000087800000| Untracked 
|  61|0x0000000087900000, 0x0000000087900000, 0x0000000087a00000|  0%| F|  |TAMS 0x0000000087900000, 0x0000000087900000| Untracked 
|  62|0x0000000087a00000, 0x0000000087a00000, 0x0000000087b00000|  0%| F|  |TAMS 0x0000000087a00000, 0x0000000087a00000| Untracked 
|  63|0x0000000087b00000, 0x0000000087b00000, 0x0000000087c00000|  0%| F|  |TAMS 0x0000000087b00000, 0x0000000087b00000| Untracked 
|  64|0x0000000087c00000, 0x0000000087c00000, 0x0000000087d00000|  0%| F|  |TAMS 0x0000000087c00000, 0x0000000087c00000| Untracked 
|  65|0x0000000087d00000, 0x0000000087d00000, 0x0000000087e00000|  0%| F|  |TAMS 0x0000000087d00000, 0x0000000087d00000| Untracked 
|  66|0x0000000087e00000, 0x0000000087e00000, 0x0000000087f00000|  0%| F|  |TAMS 0x0000000087e00000, 0x0000000087e00000| Untracked 
|  67|0x0000000087f00000, 0x0000000087f00000, 0x0000000088000000|  0%| F|  |TAMS 0x0000000087f00000, 0x0000000087f00000| Untracked 
|  68|0x0000000088000000, 0x0000000088000000, 0x0000000088100000|  0%| F|  |TAMS 0x0000000088000000, 0x0000000088000000| Untracked 
|  69|0x0000000088100000, 0x0000000088100000, 0x0000000088200000|  0%| F|  |TAMS 0x0000000088100000, 0x0000000088100000| Untracked 
|  70|0x0000000088200000, 0x0000000088200000, 0x0000000088300000|  0%| F|  |TAMS 0x0000000088200000, 0x0000000088200000| Untracked 
|  71|0x0000000088300000, 0x0000000088300000, 0x0000000088400000|  0%| F|  |TAMS 0x0000000088300000, 0x0000000088300000| Untracked 
|  72|0x0000000088400000, 0x0000000088400000, 0x0000000088500000|  0%| F|  |TAMS 0x0000000088400000, 0x0000000088400000| Untracked 
|  73|0x0000000088500000, 0x0000000088500000, 0x0000000088600000|  0%| F|  |TAMS 0x0000000088500000, 0x0000000088500000| Untracked 
|  74|0x0000000088600000, 0x0000000088600000, 0x0000000088700000|  0%| F|  |TAMS 0x0000000088600000, 0x0000000088600000| Untracked 
|  75|0x0000000088700000, 0x0000000088700000, 0x0000000088800000|  0%| F|  |TAMS 0x0000000088700000, 0x0000000088700000| Untracked 
|  76|0x0000000088800000, 0x0000000088800000, 0x0000000088900000|  0%| F|  |TAMS 0x0000000088800000, 0x0000000088800000| Untracked 
|  77|0x0000000088900000, 0x0000000088900000, 0x0000000088a00000|  0%| F|  |TAMS 0x0000000088900000, 0x0000000088900000| Untracked 
|  78|0x0000000088a00000, 0x0000000088a00000, 0x0000000088b00000|  0%| F|  |TAMS 0x0000000088a00000, 0x0000000088a00000| Untracked 
|  79|0x0000000088b00000, 0x0000000088b00000, 0x0000000088c00000|  0%| F|  |TAMS 0x0000000088b00000, 0x0000000088b00000| Untracked 
|  80|0x0000000088c00000, 0x0000000088c00000, 0x0000000088d00000|  0%| F|  |TAMS 0x0000000088c00000, 0x0000000088c00000| Untracked 
|  81|0x0000000088d00000, 0x0000000088d00000, 0x0000000088e00000|  0%| F|  |TAMS 0x0000000088d00000, 0x0000000088d00000| Untracked 
|  82|0x0000000088e00000, 0x0000000088e00000, 0x0000000088f00000|  0%| F|  |TAMS 0x0000000088e00000, 0x0000000088e00000| Untracked 
|  83|0x0000000088f00000, 0x0000000088f00000, 0x0000000089000000|  0%| F|  |TAMS 0x0000000088f00000, 0x0000000088f00000| Untracked 
|  84|0x0000000089000000, 0x0000000089000000, 0x0000000089100000|  0%| F|  |TAMS 0x0000000089000000, 0x0000000089000000| Untracked 
|  85|0x0000000089100000, 0x0000000089100000, 0x0000000089200000|  0%| F|  |TAMS 0x0000000089100000, 0x0000000089100000| Untracked 
|  86|0x0000000089200000, 0x0000000089200000, 0x0000000089300000|  0%| F|  |TAMS 0x0000000089200000, 0x0000000089200000| Untracked 
|  87|0x0000000089300000, 0x0000000089300000, 0x0000000089400000|  0%| F|  |TAMS 0x0000000089300000, 0x0000000089300000| Untracked 
|  88|0x0000000089400000, 0x0000000089400000, 0x0000000089500000|  0%| F|  |TAMS 0x0000000089400000, 0x0000000089400000| Untracked 
|  89|0x0000000089500000, 0x0000000089520b70, 0x0000000089600000| 12%| S|CS|TAMS 0x0000000089500000, 0x0000000089500000| Complete 
|  90|0x0000000089600000, 0x0000000089700000, 0x0000000089700000|100%| S|CS|TAMS 0x0000000089600000, 0x0000000089600000| Complete 
|  91|0x0000000089700000, 0x0000000089700000, 0x0000000089800000|  0%| F|  |TAMS 0x0000000089700000, 0x0000000089700000| Untracked 
|  92|0x0000000089800000, 0x0000000089800000, 0x0000000089900000|  0%| F|  |TAMS 0x0000000089800000, 0x0000000089800000| Untracked 
|  93|0x0000000089900000, 0x0000000089900000, 0x0000000089a00000|  0%| F|  |TAMS 0x0000000089900000, 0x0000000089900000| Untracked 
|  94|0x0000000089a00000, 0x0000000089a00000, 0x0000000089b00000|  0%| F|  |TAMS 0x0000000089a00000, 0x0000000089a00000| Untracked 
|  95|0x0000000089b00000, 0x0000000089b00000, 0x0000000089c00000|  0%| F|  |TAMS 0x0000000089b00000, 0x0000000089b00000| Untracked 
|  96|0x0000000089c00000, 0x0000000089c170f8, 0x0000000089d00000|  9%| E|  |TAMS 0x0000000089c00000, 0x0000000089c00000| Complete 
|  97|0x0000000089d00000, 0x0000000089e00000, 0x0000000089e00000|100%| E|CS|TAMS 0x0000000089d00000, 0x0000000089d00000| Complete 
|  98|0x0000000089e00000, 0x0000000089f00000, 0x0000000089f00000|100%| E|CS|TAMS 0x0000000089e00000, 0x0000000089e00000| Complete 
|  99|0x0000000089f00000, 0x000000008a000000, 0x000000008a000000|100%| E|CS|TAMS 0x0000000089f00000, 0x0000000089f00000| Complete 
| 100|0x000000008a000000, 0x000000008a100000, 0x000000008a100000|100%| E|CS|TAMS 0x000000008a000000, 0x000000008a000000| Complete 
| 101|0x000000008a100000, 0x000000008a200000, 0x000000008a200000|100%| E|CS|TAMS 0x000000008a100000, 0x000000008a100000| Complete 
| 102|0x000000008a200000, 0x000000008a300000, 0x000000008a300000|100%| E|CS|TAMS 0x000000008a200000, 0x000000008a200000| Complete 
| 103|0x000000008a300000, 0x000000008a400000, 0x000000008a400000|100%| E|CS|TAMS 0x000000008a300000, 0x000000008a300000| Complete 
| 104|0x000000008a400000, 0x000000008a500000, 0x000000008a500000|100%| E|CS|TAMS 0x000000008a400000, 0x000000008a400000| Complete 
| 105|0x000000008a500000, 0x000000008a600000, 0x000000008a600000|100%| E|CS|TAMS 0x000000008a500000, 0x000000008a500000| Complete 
| 106|0x000000008a600000, 0x000000008a700000, 0x000000008a700000|100%| E|CS|TAMS 0x000000008a600000, 0x000000008a600000| Complete 
| 107|0x000000008a700000, 0x000000008a800000, 0x000000008a800000|100%| E|CS|TAMS 0x000000008a700000, 0x000000008a700000| Complete 
| 108|0x000000008a800000, 0x000000008a900000, 0x000000008a900000|100%| E|CS|TAMS 0x000000008a800000, 0x000000008a800000| Complete 
| 109|0x000000008a900000, 0x000000008aa00000, 0x000000008aa00000|100%| E|CS|TAMS 0x000000008a900000, 0x000000008a900000| Complete 
| 110|0x000000008aa00000, 0x000000008ab00000, 0x000000008ab00000|100%| E|CS|TAMS 0x000000008aa00000, 0x000000008aa00000| Complete 
| 111|0x000000008ab00000, 0x000000008ac00000, 0x000000008ac00000|100%| E|CS|TAMS 0x000000008ab00000, 0x000000008ab00000| Complete 
| 112|0x000000008ac00000, 0x000000008ad00000, 0x000000008ad00000|100%| E|CS|TAMS 0x000000008ac00000, 0x000000008ac00000| Complete 
| 113|0x000000008ad00000, 0x000000008ae00000, 0x000000008ae00000|100%| E|CS|TAMS 0x000000008ad00000, 0x000000008ad00000| Complete 
| 114|0x000000008ae00000, 0x000000008af00000, 0x000000008af00000|100%| E|CS|TAMS 0x000000008ae00000, 0x000000008ae00000| Complete 
| 115|0x000000008af00000, 0x000000008b000000, 0x000000008b000000|100%| E|CS|TAMS 0x000000008af00000, 0x000000008af00000| Complete 
| 116|0x000000008b000000, 0x000000008b100000, 0x000000008b100000|100%| E|CS|TAMS 0x000000008b000000, 0x000000008b000000| Complete 
| 117|0x000000008b100000, 0x000000008b200000, 0x000000008b200000|100%| E|CS|TAMS 0x000000008b100000, 0x000000008b100000| Complete 
| 118|0x000000008b200000, 0x000000008b300000, 0x000000008b300000|100%| E|CS|TAMS 0x000000008b200000, 0x000000008b200000| Complete 
| 119|0x000000008b300000, 0x000000008b400000, 0x000000008b400000|100%| E|CS|TAMS 0x000000008b300000, 0x000000008b300000| Complete 
| 120|0x000000008b400000, 0x000000008b500000, 0x000000008b500000|100%| E|CS|TAMS 0x000000008b400000, 0x000000008b400000| Complete 
| 121|0x000000008b500000, 0x000000008b600000, 0x000000008b600000|100%| E|CS|TAMS 0x000000008b500000, 0x000000008b500000| Complete 
| 122|0x000000008b600000, 0x000000008b700000, 0x000000008b700000|100%| E|CS|TAMS 0x000000008b600000, 0x000000008b600000| Complete 
| 123|0x000000008b700000, 0x000000008b800000, 0x000000008b800000|100%| E|CS|TAMS 0x000000008b700000, 0x000000008b700000| Complete 
| 124|0x000000008b800000, 0x000000008b900000, 0x000000008b900000|100%| E|CS|TAMS 0x000000008b800000, 0x000000008b800000| Complete 
| 125|0x000000008b900000, 0x000000008ba00000, 0x000000008ba00000|100%| E|CS|TAMS 0x000000008b900000, 0x000000008b900000| Complete 

Card table byte_map: [0x000001d8fc410000,0x000001d8fc800000] _byte_map_base: 0x000001d8fbff2000

Marking Bits (Prev, Next): (CMBitMap*) 0x000001d8e4626758, (CMBitMap*) 0x000001d8e4626790
 Prev Bits: [0x000001d8fcbf0000, 0x000001d8feb00000)
 Next Bits: [0x000001d880000000, 0x000001d881f10000)

Polling page: 0x000001d8e2500000

Metaspace:

Usage:
  Non-class:     31.32 MB capacity,    30.31 MB ( 97%) used,   845.55 KB (  3%) free+waste,   189.50 KB ( <1%) overhead. 
      Class:      5.13 MB capacity,     4.45 MB ( 87%) used,   594.98 KB ( 11%) free+waste,    92.13 KB (  2%) overhead. 
       Both:     36.45 MB capacity,    34.76 MB ( 95%) used,     1.41 MB (  4%) free+waste,   281.63 KB ( <1%) overhead. 

Virtual space:
  Non-class space:       32.00 MB reserved,      31.38 MB ( 98%) committed 
      Class space:        1.00 GB reserved,       5.25 MB ( <1%) committed 
             Both:        1.03 GB reserved,      36.63 MB (  3%) committed 

Chunk freelists:
   Non-Class:  56.00 KB
       Class:  0 bytes
        Both:  56.00 KB

MaxMetaspaceSize: 17179869184.00 GB
CompressedClassSpaceSize: 1.00 GB

CodeHeap 'non-profiled nmethods': size=120000Kb used=5609Kb max_used=5609Kb free=114390Kb
 bounds [0x000001d8f47c0000, 0x000001d8f4d40000, 0x000001d8fbcf0000]
CodeHeap 'profiled nmethods': size=120000Kb used=15347Kb max_used=15347Kb free=104652Kb
 bounds [0x000001d8ed290000, 0x000001d8ee190000, 0x000001d8f47c0000]
CodeHeap 'non-nmethods': size=5760Kb used=1477Kb max_used=1582Kb free=4283Kb
 bounds [0x000001d8eccf0000, 0x000001d8ecf60000, 0x000001d8ed290000]
 total_blobs=7344 nmethods=6503 adapters=760
 compilation: enabled
              stopped_count=0, restarted_count=0
 full_count=0

Compilation events (20 events):
Event: 1069.250 Thread 0x000001d8ff570000 6502       3       com.sun.prism.impl.QueuedPixelSource::usesSameBuffer (34 bytes)
Event: 1069.251 Thread 0x000001d8ff570000 nmethod 6502 0x000001d8ee18c390 code [0x000001d8ee18c5a0, 0x000001d8ee18cb58]
Event: 1069.252 Thread 0x000001d8ff56e800 nmethod 6501 0x000001d8f4d38210 code [0x000001d8f4d38480, 0x000001d8f4d389b8]
Event: 1069.744 Thread 0x000001d8ff56e800 6503       4       java.util.concurrent.locks.ReentrantLock$Sync::tryRelease (45 bytes)
Event: 1069.745 Thread 0x000001d8ff570000 6504       1       com.sun.javafx.sg.prism.NGCircle::getShape (5 bytes)
Event: 1069.745 Thread 0x000001d8ff56e800 nmethod 6503 0x000001d8f4d38c10 code [0x000001d8f4d38da0, 0x000001d8f4d38eb8]
Event: 1069.745 Thread 0x000001d8ff570000 nmethod 6504 0x000001d8f4d38f90 code [0x000001d8f4d39140, 0x000001d8f4d391f8]
Event: 1070.240 Thread 0x000001d8ff56e800 6505       4       com.sun.javafx.geom.BoxBounds::flattenInto (46 bytes)
Event: 1070.241 Thread 0x000001d8ff570000 6506       1       com.sun.glass.ui.Pixels::getWidthUnsafe (5 bytes)
Event: 1070.241 Thread 0x000001d8ff56e800 nmethod 6505 0x000001d8f4d39290 code [0x000001d8f4d39420, 0x000001d8f4d39578]
Event: 1070.241 Thread 0x000001d8ff570000 nmethod 6506 0x000001d8f4d39690 code [0x000001d8f4d39840, 0x000001d8f4d398f8]
Event: 1070.241 Thread 0x000001d8ff570000 6507       1       com.sun.glass.ui.Pixels::getHeightUnsafe (5 bytes)
Event: 1070.241 Thread 0x000001d8ff570000 nmethod 6507 0x000001d8f4d39990 code [0x000001d8f4d39b40, 0x000001d8f4d39bf8]
Event: 1070.241 Thread 0x000001d8ff570000 6508       1       com.sun.glass.ui.Pixels::getScaleXUnsafe (5 bytes)
Event: 1070.241 Thread 0x000001d8ff570000 nmethod 6508 0x000001d8f4d39c90 code [0x000001d8f4d39e40, 0x000001d8f4d39ef8]
Event: 1070.241 Thread 0x000001d8ff570000 6509       1       com.sun.glass.ui.Pixels::getScaleYUnsafe (5 bytes)
Event: 1070.241 Thread 0x000001d8ff570000 nmethod 6509 0x000001d8f4d39f90 code [0x000001d8f4d3a140, 0x000001d8f4d3a1f8]
Event: 1070.912 Thread 0x000001d8ff56e800 6510       4       java.util.Collections$EmptyList::equals (25 bytes)
Event: 1070.913 Thread 0x000001d8ff56e800 nmethod 6510 0x000001d8f4d3a290 code [0x000001d8f4d3a420, 0x000001d8f4d3a4b8]
Event: 1071.408 Thread 0x000001d8ff56e800 6511       4       com.sun.javafx.sg.prism.NGRegion::renderBorderRectangle (2679 bytes)

GC Heap History (14 events):
Event: 0.724 GC heap before
{Heap before GC invocations=0 (full 0):
 garbage-first heap   total 129024K, used 23552K [0x0000000083c00000, 0x0000000100000000)
  region size 1024K, 24 young (24576K), 0 survivors (0K)
 Metaspace       used 11511K, capacity 11846K, committed 12032K, reserved 1060864K
  class space    used 1088K, capacity 1204K, committed 1280K, reserved 1048576K
}
Event: 0.728 GC heap after
{Heap after GC invocations=1 (full 0):
 garbage-first heap   total 129024K, used 5371K [0x0000000083c00000, 0x0000000100000000)
  region size 1024K, 3 young (3072K), 3 survivors (3072K)
 Metaspace       used 11511K, capacity 11846K, committed 12032K, reserved 1060864K
  class space    used 1088K, capacity 1204K, committed 1280K, reserved 1048576K
}
Event: 1.526 GC heap before
{Heap before GC invocations=1 (full 0):
 garbage-first heap   total 129024K, used 50427K [0x0000000083c00000, 0x0000000100000000)
  region size 1024K, 34 young (34816K), 3 survivors (3072K)
 Metaspace       used 20519K, capacity 21206K, committed 21248K, reserved 1067008K
  class space    used 2532K, capacity 2804K, committed 2816K, reserved 1048576K
}
Event: 1.533 GC heap after
{Heap after GC invocations=2 (full 0):
 garbage-first heap   total 129024K, used 23779K [0x0000000083c00000, 0x0000000100000000)
  region size 1024K, 7 young (7168K), 7 survivors (7168K)
 Metaspace       used 20519K, capacity 21206K, committed 21248K, reserved 1067008K
  class space    used 2532K, capacity 2804K, committed 2816K, reserved 1048576K
}
Event: 9.626 GC heap before
{Heap before GC invocations=3 (full 0):
 garbage-first heap   total 129024K, used 57571K [0x0000000083c00000, 0x0000000100000000)
  region size 1024K, 38 young (38912K), 7 survivors (7168K)
 Metaspace       used 29138K, capacity 30152K, committed 30336K, reserved 1075200K
  class space    used 3672K, capacity 4108K, committed 4224K, reserved 1048576K
}
Event: 9.633 GC heap after
{Heap after GC invocations=4 (full 0):
 garbage-first heap   total 129024K, used 29374K [0x0000000083c00000, 0x0000000100000000)
  region size 1024K, 4 young (4096K), 4 survivors (4096K)
 Metaspace       used 29138K, capacity 30152K, committed 30336K, reserved 1075200K
  class space    used 3672K, capacity 4108K, committed 4224K, reserved 1048576K
}
Event: 13.468 GC heap before
{Heap before GC invocations=4 (full 0):
 garbage-first heap   total 129024K, used 81598K [0x0000000083c00000, 0x0000000100000000)
  region size 1024K, 45 young (46080K), 4 survivors (4096K)
 Metaspace       used 33261K, capacity 34756K, committed 34816K, reserved 1079296K
  class space    used 4227K, capacity 4815K, committed 4864K, reserved 1048576K
}
Event: 13.478 GC heap after
{Heap after GC invocations=5 (full 0):
 garbage-first heap   total 129024K, used 46831K [0x0000000083c00000, 0x0000000100000000)
  region size 1024K, 6 young (6144K), 6 survivors (6144K)
 Metaspace       used 33261K, capacity 34756K, committed 34816K, reserved 1079296K
  class space    used 4227K, capacity 4815K, committed 4864K, reserved 1048576K
}
Event: 86.960 GC heap before
{Heap before GC invocations=5 (full 0):
 garbage-first heap   total 129024K, used 97007K [0x0000000083c00000, 0x0000000100000000)
  region size 1024K, 47 young (48128K), 6 survivors (6144K)
 Metaspace       used 33866K, capacity 35308K, committed 35584K, reserved 1079296K
  class space    used 4247K, capacity 4820K, committed 4864K, reserved 1048576K
}
Event: 86.970 GC heap after
{Heap after GC invocations=6 (full 0):
 garbage-first heap   total 129024K, used 58368K [0x0000000083c00000, 0x0000000100000000)
  region size 1024K, 6 young (6144K), 6 survivors (6144K)
 Metaspace       used 33866K, capacity 35308K, committed 35584K, reserved 1079296K
  class space    used 4247K, capacity 4820K, committed 4864K, reserved 1048576K
}
Event: 383.508 GC heap before
{Heap before GC invocations=6 (full 0):
 garbage-first heap   total 129024K, used 84992K [0x0000000083c00000, 0x0000000100000000)
  region size 1024K, 33 young (33792K), 6 survivors (6144K)
 Metaspace       used 34267K, capacity 35703K, committed 35840K, reserved 1081344K
  class space    used 4318K, capacity 4909K, committed 4992K, reserved 1048576K
}
Event: 383.516 GC heap after
{Heap after GC invocations=7 (full 0):
 garbage-first heap   total 129024K, used 60390K [0x0000000083c00000, 0x0000000100000000)
  region size 1024K, 2 young (2048K), 2 survivors (2048K)
 Metaspace       used 34267K, capacity 35703K, committed 35840K, reserved 1081344K
  class space    used 4318K, capacity 4909K, committed 4992K, reserved 1048576K
}
Event: 892.320 GC heap before
{Heap before GC invocations=8 (full 0):
 garbage-first heap   total 129024K, used 92134K [0x0000000083c00000, 0x0000000100000000)
  region size 1024K, 35 young (35840K), 2 survivors (2048K)
 Metaspace       used 34278K, capacity 35767K, committed 36096K, reserved 1081344K
  class space    used 4318K, capacity 4909K, committed 4992K, reserved 1048576K
}
Event: 892.327 GC heap after
{Heap after GC invocations=9 (full 0):
 garbage-first heap   total 129024K, used 57878K [0x0000000083c00000, 0x0000000100000000)
  region size 1024K, 2 young (2048K), 2 survivors (2048K)
 Metaspace       used 34278K, capacity 35767K, committed 36096K, reserved 1081344K
  class space    used 4318K, capacity 4909K, committed 4992K, reserved 1048576K
}

Deoptimization events (20 events):
Event: 1061.952 Thread 0x000001d88529c800 DEOPT PACKING pc=0x000001d8f4c2de68 sp=0x00000019faafc310
Event: 1061.952 Thread 0x000001d88529c800 DEOPT UNPACKING pc=0x000001d8ecd2b12f sp=0x00000019faafc280 mode 2
Event: 1061.985 Thread 0x000001d88529c800 Uncommon trap: trap_request=0xffffffbe fr.pc=0x000001d8f4b457bc relative=0x000000000000159c
Event: 1061.985 Thread 0x000001d88529c800 Uncommon trap: reason=profile_predicate action=maybe_recompile pc=0x000001d8f4b457bc method=com.sun.prism.impl.GlyphCache.render(Lcom/sun/prism/impl/BaseContext;Lcom/sun/javafx/scene/text/GlyphList;FFIILcom/sun/prism/paint/Color;Lcom/sun/prism/paint/Color
Event: 1061.985 Thread 0x000001d88529c800 DEOPT PACKING pc=0x000001d8f4b457bc sp=0x00000019faafc360
Event: 1061.985 Thread 0x000001d88529c800 DEOPT UNPACKING pc=0x000001d8ecd2b12f sp=0x00000019faafc300 mode 2
Event: 1062.416 Thread 0x000001d88529c800 Uncommon trap: trap_request=0xffffffbe fr.pc=0x000001d8f4b457bc relative=0x000000000000159c
Event: 1062.417 Thread 0x000001d88529c800 Uncommon trap: reason=profile_predicate action=maybe_recompile pc=0x000001d8f4b457bc method=com.sun.prism.impl.GlyphCache.render(Lcom/sun/prism/impl/BaseContext;Lcom/sun/javafx/scene/text/GlyphList;FFIILcom/sun/prism/paint/Color;Lcom/sun/prism/paint/Color
Event: 1062.417 Thread 0x000001d88529c800 DEOPT PACKING pc=0x000001d8f4b457bc sp=0x00000019faafc360
Event: 1062.417 Thread 0x000001d88529c800 DEOPT UNPACKING pc=0x000001d8ecd2b12f sp=0x00000019faafc300 mode 2
Event: 1062.481 Thread 0x000001d88529c800 Uncommon trap: trap_request=0xffffffbe fr.pc=0x000001d8f4b457bc relative=0x000000000000159c
Event: 1062.481 Thread 0x000001d88529c800 Uncommon trap: reason=profile_predicate action=maybe_recompile pc=0x000001d8f4b457bc method=com.sun.prism.impl.GlyphCache.render(Lcom/sun/prism/impl/BaseContext;Lcom/sun/javafx/scene/text/GlyphList;FFIILcom/sun/prism/paint/Color;Lcom/sun/prism/paint/Color
Event: 1062.481 Thread 0x000001d88529c800 DEOPT PACKING pc=0x000001d8f4b457bc sp=0x00000019faafc360
Event: 1062.481 Thread 0x000001d88529c800 DEOPT UNPACKING pc=0x000001d8ecd2b12f sp=0x00000019faafc300 mode 2
Event: 1065.744 Thread 0x000001d885421000 Uncommon trap: trap_request=0xffffffde fr.pc=0x000001d8f4cd95e0 relative=0x0000000000000ae0
Event: 1065.744 Thread 0x000001d885421000 Uncommon trap: reason=class_check action=maybe_recompile pc=0x000001d8f4cd95e0 method=com.sun.glass.ui.InvokeLaterDispatcher.run()V @ 9 c2
Event: 1065.744 Thread 0x000001d885421000 DEOPT PACKING pc=0x000001d8f4cd95e0 sp=0x00000019fabff4d0
Event: 1065.744 Thread 0x000001d885421000 DEOPT UNPACKING pc=0x000001d8ecd2b12f sp=0x00000019fabff4a8 mode 2
Event: 1066.754 Thread 0x000001d88529c800 DEOPT PACKING pc=0x000001d8edc6e2ed sp=0x00000019faafdf50
Event: 1066.754 Thread 0x000001d88529c800 DEOPT UNPACKING pc=0x000001d8ecd2b8de sp=0x00000019faafd488 mode 0

Classes redefined (0 events):
No events

Internal exceptions (20 events):
Event: 11.919 Thread 0x000001d88545f000 Exception <a 'java/lang/NoSuchMethodError'{0x000000008a711f88}: 'java.lang.Object java.lang.invoke.DirectMethodHandle$Holder.invokeStatic(java.lang.Object, java.lang.Object, java.lang.Object, double, double, double, double, int, int, int, int, int, int, int, int, int)'> (0x000000008a711f88) thrown at [./src/hotspot/share/interpreter/linkResolver.cpp, line 773]
Event: 12.121 Thread 0x000001d88529c800 Implicit null exception at 0x000001d8f497e6d3 to 0x000001d8f497e738
Event: 13.592 Thread 0x000001d88545f000 Implicit null exception at 0x000001d8f4acb732 to 0x000001d8f4acbd3c
Event: 364.043 Thread 0x000001d88545f000 Exception <a 'java/lang/NoSuchMethodError'{0x000000008a7b5840}: 'int java.lang.invoke.DirectMethodHandle$Holder.invokeVirtual(java.lang.Object, java.lang.Object)'> (0x000000008a7b5840) thrown at [./src/hotspot/share/interpreter/linkResolver.cpp, line 773]
Event: 364.048 Thread 0x000001d88545f000 Exception <a 'java/lang/NoSuchMethodError'{0x000000008a7bb848}: 'void java.lang.invoke.DirectMethodHandle$Holder.invokeVirtual(java.lang.Object, java.lang.Object, int)'> (0x000000008a7bb848) thrown at [./src/hotspot/share/interpreter/linkResolver.cpp, line 773]
Event: 364.160 Thread 0x000001d88545f000 Implicit null exception at 0x000001d8f4bb86ed to 0x000001d8f4bc4f98
Event: 364.175 Thread 0x000001d88545f000 Implicit null exception at 0x000001d8f4b09a97 to 0x000001d8f4b165bc
Event: 364.176 Thread 0x000001d88545f000 Implicit null exception at 0x000001d8f4ad0008 to 0x000001d8f4ad0035
Event: 364.176 Thread 0x000001d88545f000 Implicit null exception at 0x000001d8f4ad65c3 to 0x000001d8f4ad95b8
Event: 364.196 Thread 0x000001d88545f000 Exception <a 'java/io/FileNotFoundException'{0x000000008a589bf8}> (0x000000008a589bf8) thrown at [./src/hotspot/share/prims/jni.cpp, line 615]
Event: 364.197 Thread 0x000001d88545f000 Exception <a 'java/io/FileNotFoundException'{0x000000008a58d1a0}> (0x000000008a58d1a0) thrown at [./src/hotspot/share/prims/jni.cpp, line 615]
Event: 364.205 Thread 0x000001d88545f000 Exception <a 'java/io/FileNotFoundException'{0x000000008a5913c8}> (0x000000008a5913c8) thrown at [./src/hotspot/share/prims/jni.cpp, line 615]
Event: 364.205 Thread 0x000001d88545f000 Exception <a 'java/io/FileNotFoundException'{0x000000008a5929c8}> (0x000000008a5929c8) thrown at [./src/hotspot/share/prims/jni.cpp, line 615]
Event: 364.244 Thread 0x000001d88545f000 Exception <a 'java/io/FileNotFoundException'{0x000000008a489010}> (0x000000008a489010) thrown at [./src/hotspot/share/prims/jni.cpp, line 615]
Event: 364.245 Thread 0x000001d88545f000 Exception <a 'java/io/FileNotFoundException'{0x000000008a48ba58}> (0x000000008a48ba58) thrown at [./src/hotspot/share/prims/jni.cpp, line 615]
Event: 364.245 Thread 0x000001d88545f000 Exception <a 'java/io/FileNotFoundException'{0x000000008a48d1d0}> (0x000000008a48d1d0) thrown at [./src/hotspot/share/prims/jni.cpp, line 615]
Event: 383.522 Thread 0x000001d88529c800 Implicit null exception at 0x000001d8f4a1f7ac to 0x000001d8f4a1f82c
Event: 1061.915 Thread 0x000001d88545f000 Implicit null exception at 0x000001d8f4a6e2d2 to 0x000001d8f4a759a8
Event: 1061.916 Thread 0x000001d88545f000 Implicit null exception at 0x000001d8f4c1c9d2 to 0x000001d8f4c1ee44
Event: 1061.918 Thread 0x000001d88545f000 Implicit null exception at 0x000001d8f4991534 to 0x000001d8f49915b4

Events (20 events):
Event: 1061.928 Executing VM operation: RevokeBias
Event: 1061.928 Executing VM operation: RevokeBias done
Event: 1061.929 Executing VM operation: RevokeBias
Event: 1061.930 Executing VM operation: RevokeBias done
Event: 1061.931 Executing VM operation: RevokeBias
Event: 1061.931 Executing VM operation: RevokeBias done
Event: 1061.931 Executing VM operation: RevokeBias
Event: 1061.931 Executing VM operation: RevokeBias done
Event: 1061.932 Executing VM operation: RevokeBias
Event: 1061.932 Executing VM operation: RevokeBias done
Event: 1061.935 Executing VM operation: BulkRevokeBias
Event: 1061.935 Executing VM operation: BulkRevokeBias done
Event: 1061.936 Executing VM operation: RevokeBias
Event: 1061.936 Executing VM operation: RevokeBias done
Event: 1061.936 Executing VM operation: RevokeBias
Event: 1061.936 Executing VM operation: RevokeBias done
Event: 1061.976 Executing VM operation: RevokeBias
Event: 1061.976 Executing VM operation: RevokeBias done
Event: 1061.983 Executing VM operation: RevokeBias
Event: 1061.983 Executing VM operation: RevokeBias done


Dynamic libraries:
0x00007ff64fcf0000 - 0x00007ff64fcfd000 	C:\Program Files\AdoptOpenJDK\jdk-11.0.11.9-hotspot\bin\java.exe
0x00007ffeabe30000 - 0x00007ffeac025000 	C:\WINDOWS\SYSTEM32\ntdll.dll
0x00007ffeaafc0000 - 0x00007ffeab07d000 	C:\WINDOWS\System32\KERNEL32.DLL
0x00007ffea96d0000 - 0x00007ffea9999000 	C:\WINDOWS\System32\KERNELBASE.dll
0x00007ffea99a0000 - 0x00007ffea9aa0000 	C:\WINDOWS\System32\ucrtbase.dll
0x00007ffea0860000 - 0x00007ffea0877000 	C:\Program Files\AdoptOpenJDK\jdk-11.0.11.9-hotspot\bin\jli.dll
0x00007ffea0840000 - 0x00007ffea0855000 	C:\Program Files\AdoptOpenJDK\jdk-11.0.11.9-hotspot\bin\VCRUNTIME140.dll
0x00007ffeaab10000 - 0x00007ffeaacb0000 	C:\WINDOWS\System32\USER32.dll
0x00007ffea9dc0000 - 0x00007ffea9de2000 	C:\WINDOWS\System32\win32u.dll
0x00007ffe96390000 - 0x00007ffe9662a000 	C:\WINDOWS\WinSxS\amd64_microsoft.windows.common-controls_6595b64144ccf1df_6.0.19041.1110_none_60b5254171f9507e\COMCTL32.dll
0x00007ffeaaae0000 - 0x00007ffeaab0a000 	C:\WINDOWS\System32\GDI32.dll
0x00007ffea9b00000 - 0x00007ffea9c0b000 	C:\WINDOWS\System32\gdi32full.dll
0x00007ffea9df0000 - 0x00007ffea9e8d000 	C:\WINDOWS\System32\msvcp_win.dll
0x00007ffeabae0000 - 0x00007ffeabb7e000 	C:\WINDOWS\System32\msvcrt.dll
0x00007ffeaae60000 - 0x00007ffeaae90000 	C:\WINDOWS\System32\IMM32.DLL
0x00007ffe722a0000 - 0x00007ffe7233b000 	C:\Program Files\AdoptOpenJDK\jdk-11.0.11.9-hotspot\bin\msvcp140.dll
0x00007ffe5e5e0000 - 0x00007ffe5f12b000 	C:\Program Files\AdoptOpenJDK\jdk-11.0.11.9-hotspot\bin\server\jvm.dll
0x00007ffeab1a0000 - 0x00007ffeab24c000 	C:\WINDOWS\System32\ADVAPI32.dll
0x00007ffeabd20000 - 0x00007ffeabdbb000 	C:\WINDOWS\System32\sechost.dll
0x00007ffeaae90000 - 0x00007ffeaafba000 	C:\WINDOWS\System32\RPCRT4.dll
0x00007ffeabdc0000 - 0x00007ffeabdc8000 	C:\WINDOWS\System32\PSAPI.DLL
0x00007ffea3250000 - 0x00007ffea325a000 	C:\WINDOWS\SYSTEM32\VERSION.dll
0x00007ffe39510000 - 0x00007ffe39519000 	C:\WINDOWS\SYSTEM32\WSOCK32.dll
0x00007ffea7410000 - 0x00007ffea7437000 	C:\WINDOWS\SYSTEM32\WINMM.dll
0x00007ffeaa5d0000 - 0x00007ffeaa63b000 	C:\WINDOWS\System32\WS2_32.dll
0x00007ffea7df0000 - 0x00007ffea7e02000 	C:\WINDOWS\SYSTEM32\kernel.appcore.dll
0x00007ffea0830000 - 0x00007ffea0840000 	C:\Program Files\AdoptOpenJDK\jdk-11.0.11.9-hotspot\bin\verify.dll
0x00007ffea7220000 - 0x00007ffea7404000 	C:\WINDOWS\SYSTEM32\DBGHELP.DLL
0x00007ffe94360000 - 0x00007ffe9438c000 	C:\WINDOWS\SYSTEM32\dbgcore.DLL
0x00007ffea9590000 - 0x00007ffea9613000 	C:\WINDOWS\System32\bcryptPrimitives.dll
0x00007ffea07e0000 - 0x00007ffea0808000 	C:\Program Files\AdoptOpenJDK\jdk-11.0.11.9-hotspot\bin\java.dll
0x00007ffea0820000 - 0x00007ffea082a000 	C:\Program Files\AdoptOpenJDK\jdk-11.0.11.9-hotspot\bin\jimage.dll
0x00007ffe7c210000 - 0x00007ffe7c248000 	C:\Program Files\AdoptOpenJDK\jdk-11.0.11.9-hotspot\bin\jdwp.dll
0x00007ffea0730000 - 0x00007ffea0747000 	C:\Program Files\AdoptOpenJDK\jdk-11.0.11.9-hotspot\bin\zip.dll
0x00007ffea9e90000 - 0x00007ffeaa5cf000 	C:\WINDOWS\System32\SHELL32.dll
0x00007ffea7440000 - 0x00007ffea7bd0000 	C:\WINDOWS\SYSTEM32\windows.storage.dll
0x00007ffeaa640000 - 0x00007ffeaa995000 	C:\WINDOWS\System32\combase.dll
0x00007ffea8f50000 - 0x00007ffea8f7c000 	C:\WINDOWS\SYSTEM32\Wldp.dll
0x00007ffeab250000 - 0x00007ffeab2fe000 	C:\WINDOWS\System32\SHCORE.dll
0x00007ffeab870000 - 0x00007ffeab8c5000 	C:\WINDOWS\System32\shlwapi.dll
0x00007ffea94a0000 - 0x00007ffea94bf000 	C:\WINDOWS\SYSTEM32\profapi.dll
0x00007ffea07d0000 - 0x00007ffea07da000 	C:\Program Files\AdoptOpenJDK\jdk-11.0.11.9-hotspot\bin\dt_socket.dll
0x00007ffea8cb0000 - 0x00007ffea8d1a000 	C:\WINDOWS\System32\mswsock.dll
0x00007ffea8980000 - 0x00007ffea8a4c000 	C:\WINDOWS\SYSTEM32\DNSAPI.dll
0x00007ffea8940000 - 0x00007ffea897b000 	C:\WINDOWS\SYSTEM32\IPHLPAPI.DLL
0x00007ffeabbe0000 - 0x00007ffeabbe8000 	C:\WINDOWS\System32\NSI.dll
0x000000005f6f0000 - 0x000000005f716000 	C:\Program Files\Bonjour\mdnsNSP.dll
0x00007ffe9e5e0000 - 0x00007ffe9e65f000 	C:\WINDOWS\System32\fwpuclnt.dll
0x00007ffea9560000 - 0x00007ffea9587000 	C:\WINDOWS\System32\bcrypt.dll
0x00007ffea0590000 - 0x00007ffea059a000 	C:\Windows\System32\rasadhlp.dll
0x00007ffea06f0000 - 0x00007ffea0709000 	C:\Program Files\AdoptOpenJDK\jdk-11.0.11.9-hotspot\bin\net.dll
0x00007ffea6d50000 - 0x00007ffea6e58000 	C:\WINDOWS\SYSTEM32\WINHTTP.dll
0x00007ffe97890000 - 0x00007ffe978a2000 	C:\Program Files\AdoptOpenJDK\jdk-11.0.11.9-hotspot\bin\nio.dll
0x000001d8e45b0000 - 0x000001d8e45b3000 	C:\Users\txamm\.openjfx\cache\16\api-ms-win-core-console-l1-1-0.dll
0x000001d8ffec0000 - 0x000001d8ffec3000 	C:\Users\txamm\.openjfx\cache\16\api-ms-win-core-console-l1-2-0.dll
0x000001d8ffed0000 - 0x000001d8ffed3000 	C:\Users\txamm\.openjfx\cache\16\api-ms-win-core-datetime-l1-1-0.dll
0x000001d8ffee0000 - 0x000001d8ffee3000 	C:\Users\txamm\.openjfx\cache\16\api-ms-win-core-debug-l1-1-0.dll
0x000001d8ffef0000 - 0x000001d8ffef3000 	C:\Users\txamm\.openjfx\cache\16\api-ms-win-core-errorhandling-l1-1-0.dll
0x000001d8fff00000 - 0x000001d8fff04000 	C:\Users\txamm\.openjfx\cache\16\api-ms-win-core-file-l1-1-0.dll
0x000001d8fff10000 - 0x000001d8fff13000 	C:\Users\txamm\.openjfx\cache\16\api-ms-win-core-file-l1-2-0.dll
0x000001d8fff20000 - 0x000001d8fff23000 	C:\Users\txamm\.openjfx\cache\16\api-ms-win-core-file-l2-1-0.dll
0x000001d8fff30000 - 0x000001d8fff33000 	C:\Users\txamm\.openjfx\cache\16\api-ms-win-core-handle-l1-1-0.dll
0x000001d8fff40000 - 0x000001d8fff43000 	C:\Users\txamm\.openjfx\cache\16\api-ms-win-core-heap-l1-1-0.dll
0x000001d8fff50000 - 0x000001d8fff53000 	C:\Users\txamm\.openjfx\cache\16\api-ms-win-core-interlocked-l1-1-0.dll
0x000001d8fff60000 - 0x000001d8fff63000 	C:\Users\txamm\.openjfx\cache\16\api-ms-win-core-libraryloader-l1-1-0.dll
0x000001d8fff70000 - 0x000001d8fff73000 	C:\Users\txamm\.openjfx\cache\16\api-ms-win-core-localization-l1-2-0.dll
0x000001d8fff80000 - 0x000001d8fff83000 	C:\Users\txamm\.openjfx\cache\16\api-ms-win-core-memory-l1-1-0.dll
0x000001d8fff90000 - 0x000001d8fff93000 	C:\Users\txamm\.openjfx\cache\16\api-ms-win-core-namedpipe-l1-1-0.dll
0x000001d8fffa0000 - 0x000001d8fffa3000 	C:\Users\txamm\.openjfx\cache\16\api-ms-win-core-processenvironment-l1-1-0.dll
0x000001d8fffb0000 - 0x000001d8fffb3000 	C:\Users\txamm\.openjfx\cache\16\api-ms-win-core-processthreads-l1-1-0.dll
0x000001d8fffc0000 - 0x000001d8fffc3000 	C:\Users\txamm\.openjfx\cache\16\api-ms-win-core-processthreads-l1-1-1.dll
0x000001d8fffd0000 - 0x000001d8fffd3000 	C:\Users\txamm\.openjfx\cache\16\api-ms-win-core-profile-l1-1-0.dll
0x000001d8fffe0000 - 0x000001d8fffe3000 	C:\Users\txamm\.openjfx\cache\16\api-ms-win-core-rtlsupport-l1-1-0.dll
0x000001d885050000 - 0x000001d885053000 	C:\Users\txamm\.openjfx\cache\16\api-ms-win-core-string-l1-1-0.dll
0x000001d886030000 - 0x000001d886033000 	C:\Users\txamm\.openjfx\cache\16\api-ms-win-core-synch-l1-1-0.dll
0x000001d886040000 - 0x000001d886043000 	C:\Users\txamm\.openjfx\cache\16\api-ms-win-core-synch-l1-2-0.dll
0x000001d886050000 - 0x000001d886053000 	C:\Users\txamm\.openjfx\cache\16\api-ms-win-core-sysinfo-l1-1-0.dll
0x000001d886060000 - 0x000001d886063000 	C:\Users\txamm\.openjfx\cache\16\api-ms-win-core-timezone-l1-1-0.dll
0x000001d886070000 - 0x000001d886073000 	C:\Users\txamm\.openjfx\cache\16\api-ms-win-core-util-l1-1-0.dll
0x000001d886080000 - 0x000001d886083000 	C:\Users\txamm\.openjfx\cache\16\api-ms-win-crt-conio-l1-1-0.dll
0x000001d886090000 - 0x000001d886094000 	C:\Users\txamm\.openjfx\cache\16\api-ms-win-crt-convert-l1-1-0.dll
0x000001d8860a0000 - 0x000001d8860a3000 	C:\Users\txamm\.openjfx\cache\16\api-ms-win-crt-environment-l1-1-0.dll
0x000001d8860b0000 - 0x000001d8860b3000 	C:\Users\txamm\.openjfx\cache\16\api-ms-win-crt-filesystem-l1-1-0.dll
0x000001d8860c0000 - 0x000001d8860c3000 	C:\Users\txamm\.openjfx\cache\16\api-ms-win-crt-heap-l1-1-0.dll
0x000001d8860d0000 - 0x000001d8860d3000 	C:\Users\txamm\.openjfx\cache\16\api-ms-win-crt-locale-l1-1-0.dll
0x000001d8860e0000 - 0x000001d8860e5000 	C:\Users\txamm\.openjfx\cache\16\api-ms-win-crt-math-l1-1-0.dll
0x000001d8860f0000 - 0x000001d8860f5000 	C:\Users\txamm\.openjfx\cache\16\api-ms-win-crt-multibyte-l1-1-0.dll
0x000001d886100000 - 0x000001d886110000 	C:\Users\txamm\.openjfx\cache\16\api-ms-win-crt-private-l1-1-0.dll
0x000001d886110000 - 0x000001d886113000 	C:\Users\txamm\.openjfx\cache\16\api-ms-win-crt-process-l1-1-0.dll
0x000001d886120000 - 0x000001d886124000 	C:\Users\txamm\.openjfx\cache\16\api-ms-win-crt-runtime-l1-1-0.dll
0x000001d886130000 - 0x000001d886134000 	C:\Users\txamm\.openjfx\cache\16\api-ms-win-crt-stdio-l1-1-0.dll
0x000001d886140000 - 0x000001d886144000 	C:\Users\txamm\.openjfx\cache\16\api-ms-win-crt-string-l1-1-0.dll
0x000001d886150000 - 0x000001d886153000 	C:\Users\txamm\.openjfx\cache\16\api-ms-win-crt-time-l1-1-0.dll
0x000001d886160000 - 0x000001d886163000 	C:\Users\txamm\.openjfx\cache\16\api-ms-win-crt-utility-l1-1-0.dll
0x00007ffe5fe00000 - 0x00007ffe5fefc000 	C:\Users\txamm\.openjfx\cache\16\ucrtbase.dll
0x00007ffe977f0000 - 0x00007ffe97809000 	C:\Users\txamm\.openjfx\cache\16\vcruntime140.dll
0x00007ffea0780000 - 0x00007ffea078c000 	C:\Users\txamm\.openjfx\cache\16\vcruntime140_1.dll
0x00007ffe720b0000 - 0x00007ffe72141000 	C:\Users\txamm\.openjfx\cache\16\msvcp140.dll
0x00007ffe82b60000 - 0x00007ffe82b87000 	C:\Users\txamm\.openjfx\cache\16\prism_d3d.dll
0x00007ffe29ab0000 - 0x00007ffe29c7e000 	C:\WINDOWS\system32\d3d9.dll
0x00007ffea6880000 - 0x00007ffea68af000 	C:\WINDOWS\SYSTEM32\dwmapi.dll
0x00007ffea6690000 - 0x00007ffea672e000 	C:\WINDOWS\system32\uxtheme.dll
0x00007ffe20090000 - 0x00007ffe201f5000 	C:\WINDOWS\System32\DriverStore\FileRepository\35_dell_corp_mobile_whl_iigd_dch.inf_amd64_85eb82591711fd29\igdumdim64.dll
0x00007ffeab8d0000 - 0x00007ffeab9fa000 	C:\WINDOWS\System32\ole32.dll
0x00007ffe0fa60000 - 0x00007ffe14469000 	C:\WINDOWS\System32\DriverStore\FileRepository\35_dell_corp_mobile_whl_iigd_dch.inf_amd64_85eb82591711fd29\igd9dxva64.dll
0x00007ffeabc50000 - 0x00007ffeabd1d000 	C:\WINDOWS\System32\OLEAUT32.dll
0x00007ffeab3f0000 - 0x00007ffeab862000 	C:\WINDOWS\System32\SETUPAPI.dll
0x00007ffea9c10000 - 0x00007ffea9c5e000 	C:\WINDOWS\System32\cfgmgr32.dll
0x00007ffe9f8f0000 - 0x00007ffe9fc21000 	C:\WINDOWS\System32\DriverStore\FileRepository\35_dell_corp_mobile_whl_iigd_dch.inf_amd64_85eb82591711fd29\igdgmm64.dll
0x00007ffe79d10000 - 0x00007ffe79d52000 	C:\Users\txamm\.openjfx\cache\16\glass.dll
0x00007ffeaba00000 - 0x00007ffeabada000 	C:\WINDOWS\System32\COMDLG32.dll
0x00007ffeab080000 - 0x00007ffeab195000 	C:\WINDOWS\System32\MSCTF.dll
0x00007ffe56650000 - 0x00007ffe56677000 	C:\WINDOWS\System32\DriverStore\FileRepository\35_dell_corp_mobile_whl_iigd_dch.inf_amd64_85eb82591711fd29\igdinfo64.dll
0x00007ffe996e0000 - 0x00007ffe9c41c000 	C:\WINDOWS\System32\DriverStore\FileRepository\35_dell_corp_mobile_whl_iigd_dch.inf_amd64_85eb82591711fd29\igc64.dll
0x00007ffea06b0000 - 0x00007ffea06eb000 	C:\WINDOWS\SYSTEM32\dxcore.dll
0x00007ffe977b0000 - 0x00007ffe977c4000 	C:\Users\txamm\.openjfx\cache\16\javafx_font.dll
0x00007ffe9ec00000 - 0x00007ffe9ee83000 	C:\WINDOWS\SYSTEM32\dwrite.dll
0x00007ffeaa9a0000 - 0x00007ffeaaa49000 	C:\WINDOWS\System32\clbcatq.dll
0x00007ffea3930000 - 0x00007ffea3ae4000 	C:\WINDOWS\SYSTEM32\WindowsCodecs.dll
0x00007ffe686b0000 - 0x00007ffe686ee000 	C:\WINDOWS\system32\dataexchange.dll
0x00007ffea4980000 - 0x00007ffea4be4000 	C:\WINDOWS\system32\d3d11.dll
0x00007ffea58e0000 - 0x00007ffea5ac6000 	C:\WINDOWS\system32\dcomp.dll
0x00007ffea7f80000 - 0x00007ffea8074000 	C:\WINDOWS\system32\dxgi.dll
0x00007ffea3b60000 - 0x00007ffea3d61000 	C:\WINDOWS\system32\twinapi.appcore.dll
0x00007ffe59030000 - 0x00007ffe59064000 	C:\Program Files\Common Files\Microsoft Shared\Ink\rtscom.dll
0x00007ffe9e260000 - 0x00007ffe9e359000 	C:\WINDOWS\SYSTEM32\textinputframework.dll
0x00007ffea6290000 - 0x00007ffea6382000 	C:\WINDOWS\System32\CoreMessaging.dll
0x00007ffea5e50000 - 0x00007ffea61ae000 	C:\WINDOWS\System32\CoreUIComponents.dll

dbghelp: loaded successfully - version: 4.0.5 - missing functions: none
symbol engine: initialized successfully - sym options: 0x614 - pdb path: .;C:\Program Files\AdoptOpenJDK\jdk-11.0.11.9-hotspot\bin;C:\WINDOWS\SYSTEM32;C:\WINDOWS\WinSxS\amd64_microsoft.windows.common-controls_6595b64144ccf1df_6.0.19041.1110_none_60b5254171f9507e;C:\Program Files\AdoptOpenJDK\jdk-11.0.11.9-hotspot\bin\server;C:\Program Files\Bonjour;C:\Users\txamm\.openjfx\cache\16;C:\WINDOWS\System32\DriverStore\FileRepository\35_dell_corp_mobile_whl_iigd_dch.inf_amd64_85eb82591711fd29;C:\Program Files\Common Files\Microsoft Shared\Ink

VM Arguments:
jvm_args: -agentlib:jdwp=transport=dt_socket,server=n,suspend=y,address=localhost:56230 -Dfile.encoding=UTF-8 
java_command: com.mycompany.library_project.FakeApp
java_class_path (initial): D:\Information4cs2_1\Final_Project\Library_Project\target\classes;C:\Users\txamm\.m2\repository\org\openjfx\javafx-controls\16\javafx-controls-16.jar;C:\Users\txamm\.m2\repository\org\openjfx\javafx-controls\16\javafx-controls-16-win.jar;C:\Users\txamm\.m2\repository\org\openjfx\javafx-fxml\16\javafx-fxml-16.jar;C:\Users\txamm\.m2\repository\org\openjfx\javafx-fxml\16\javafx-fxml-16-win.jar;C:\Users\txamm\.m2\repository\org\openjfx\javafx-graphics\16\javafx-graphics-16.jar;C:\Users\txamm\.m2\repository\org\openjfx\javafx-graphics\16\javafx-graphics-16-win.jar;C:\Users\txamm\.m2\repository\org\openjfx\javafx-web\16\javafx-web-16.jar;C:\Users\txamm\.m2\repository\org\openjfx\javafx-web\16\javafx-web-16-win.jar;C:\Users\txamm\.m2\repository\org\openjfx\javafx-media\16\javafx-media-16.jar;C:\Users\txamm\.m2\repository\org\openjfx\javafx-media\16\javafx-media-16-win.jar;C:\Users\txamm\.m2\repository\org\openjfx\javafx-base\16\javafx-base-16.jar;C:\Users\txamm\.m2\repository\org\openjfx\javafx-base\16\javafx-base-16-win.jar;C:\Users\txamm\.m2\repository\org\mariadb\jdbc\mariadb-java-client\3.0.0-alpha\mariadb-java-client-3.0.0-alpha.jar;C:\Users\txamm\.m2\repository\com\jfoenix\jfoenix\9.0.10\jfoenix-9.0.10.jar;C:\Users\txamm\.m2\repository\org\controlsfx\controlsfx\11.1.0\controlsfx-11.1.0.jar;C:\Users\txamm\.m2\repository\org\imgscalr\imgscalr-lib\4.2\imgscalr-lib-4.2.jar;C:\Users\txamm\.m2\repository\io\github\Gleidson28\GNAvatarView\1.0.5\GNAvatarView-1.0.5.jar;C:\Users\txamm\.m2\repository\com\github\cliftonlabs\json-simple\3.1.1\json-simple-3.1.1.jar;C:\Users\txamm\.m2\repository\net\sf\jasperreports\jasperreports\6.17.0\jasperreports-6.17.0.jar;C:\Users\txamm\.m2\repository\commons-beanutils\commons-beanutils\1.9.4\commons-beanutils-1.9.4.jar;C:\Users\txamm\.m2\repository\commons-collections\commons-collections\3.2.2\commons-collections-3.2.2.jar;C:\Users\txamm\.m2\repository\commons-digester\commons-digester\2.1\commons-digester-2.1.ja
Launcher Type: SUN_STANDARD

[Global flags]
     intx CICompilerCount                          = 4                                         {product} {ergonomic}
     uint ConcGCThreads                            = 2                                         {product} {ergonomic}
     uint G1ConcRefinementThreads                  = 8                                         {product} {ergonomic}
   size_t G1HeapRegionSize                         = 1048576                                   {product} {ergonomic}
    uintx GCDrainStackTargetSize                   = 64                                        {product} {ergonomic}
   size_t InitialHeapSize                          = 132120576                                 {product} {ergonomic}
   size_t MarkStackSize                            = 4194304                                   {product} {ergonomic}
   size_t MaxHeapSize                              = 2084569088                                {product} {ergonomic}
   size_t MaxNewSize                               = 1249902592                                {product} {ergonomic}
   size_t MinHeapDeltaBytes                        = 1048576                                   {product} {ergonomic}
    uintx NonNMethodCodeHeapSize                   = 5836300                                {pd product} {ergonomic}
    uintx NonProfiledCodeHeapSize                  = 122910970                              {pd product} {ergonomic}
    uintx ProfiledCodeHeapSize                     = 122910970                              {pd product} {ergonomic}
    uintx ReservedCodeCacheSize                    = 251658240                              {pd product} {ergonomic}
     bool SegmentedCodeCache                       = true                                      {product} {ergonomic}
     bool UseCompressedClassPointers               = true                                 {lp64_product} {ergonomic}
     bool UseCompressedOops                        = true                                 {lp64_product} {ergonomic}
     bool UseG1GC                                  = true                                      {product} {ergonomic}
     bool UseLargePagesIndividualAllocation        = false                                  {pd product} {ergonomic}

Logging:
Log output configuration:
 #0: stdout all=warning uptime,level,tags
 #1: stderr all=off uptime,level,tags

Environment Variables:
JAVA_HOME=C:\Program Files\Java\jdk-15\
PATH=C:\Program Files\Common Files\Oracle\Java\javapath;C:\ProgramData\Oracle\Java\javapath;C:\Python38\Scripts\;C:\Python38\;C:\WINDOWS\system32;C:\WINDOWS;C:\WINDOWS\System32\Wbem;C:\WINDOWS\System32\WindowsPowerShell\v1.0\;C:\WINDOWS\System32\OpenSSH\;C:\Program Files\nodejs\;C:\ProgramData\chocolatey\bin;C:\Program Files\Java\jdk-15\\bin;C:\Program Files\Java\javafx-jmods-16;C:\Program Files\Java\apache-maven-3.8.1\bin;C:\Program Files\Java\javafx-sdk-16\lib;C:\xampp;C:\Users\txamm\flutter\bin;C:\Users\txamm\AppData\Local\Android\Sdk\emulator\emulator.exe;C:\Users\txamm\AppData\Local\Android\Sdk\tools;C:\Users\txamm\AppData\Local\Android\Sdk\platform-tools;C:\tools\dart-sdk\bin;C:\Program Files\dotnet\;C:\Program Files\Microsoft SQL Server\120\Tools\Binn\;C:\Program Files\Microsoft SQL Server\Client SDK\ODBC\110\Tools\Binn\;C:\Program Files (x86)\Microsoft SQL Server\120\Tools\Binn\;C:\Program Files\Microsoft SQL Server\120\DTS\Binn\;C:\Program Files (x86)\Microsoft SQL Server\120\Tools\Binn\ManagementStudio\;C:\Program Files (x86)\Microsoft SQL Server\120\DTS\Binn\;C:\Program Files\Microsoft VS Code\bin;C:\Program Files\MariaDB 10.5\bin;C:\Program Files\MariaDB\MariaDB Connector C 64-bit\lib\;C:\Program Files\MariaDB\MariaDB Connector C 64-bit\lib\plugin\;C:\Program Files\Java\apache-maven-3.6.3\bin;C:\Program Files\Microsoft SQL Server\130\Tools\Binn\;C:\Program Files\Microsoft SQL Server\Client SDK\ODBC\170\Tools\Binn\;C:\Program Files (x86)\dotnet\;C:\Program Files\Git\cmd;C:\Users\txamm\AppData\Local\Microsoft\WindowsApps;C:\Users\txamm\AppData\Roaming\npm;C:\ProgramData\txamm\GitHubDesktop\bin;C:\Users\txamm\.dotnet\tools;C:\Users\txamm\AppData\Roaming\Pub\Cache\bin;C:\Program Files\JetBrains\IntelliJ IDEA Community Edition 2020.2.3\bin;
USERNAME=txamm
LANG=en_US.UTF-8
OS=Windows_NT
PROCESSOR_IDENTIFIER=Intel64 Family 6 Model 142 Stepping 11, GenuineIntel



---------------  S Y S T E M  ---------------

OS: Windows 10 , 64 bit Build 19041 (10.0.19041.1149)
OS uptime: 0 days 6:11 hours

CPU:total 8 (initial active 8) (4 cores per cpu, 2 threads per core) family 6 model 142 stepping 11 microcode 0xde, cmov, cx8, fxsr, mmx, sse, sse2, sse3, ssse3, sse4.1, sse4.2, popcnt, avx, avx2, aes, clmul, erms, 3dnowpref, lzcnt, ht, tsc, tscinvbit, bmi1, bmi2, adx, fma

Memory: 4k page, system-wide physical 7948M (326M free)
TotalPageFile size 21446M (AvailPageFile size 5M)
current process WorkingSet (physical memory assigned to process): 363M, peak: 492M
current process commit charge ("private bytes"): 466M, peak: 558M

vm_info: OpenJDK 64-Bit Server VM (11.0.11+9) for windows-amd64 JRE (11.0.11+9), built on Apr 20 2021 21:22:09 by "" with MS VC++ 15.9 (VS2017)

END.
