#
# A fatal error has been detected by the Java Runtime Environment:
#
#  EXCEPTION_ACCESS_VIOLATION (0xc0000005) at pc=0x00007ffcdca1b2b2, pid=13072, tid=33976
#
# JRE version: OpenJDK Runtime Environment AdoptOpenJDK-11.0.11+9 (11.0.11+9) (build 11.0.11+9)
# Java VM: OpenJDK 64-Bit Server VM AdoptOpenJDK-11.0.11+9 (11.0.11+9, mixed mode, tiered, compressed oops, g1 gc, windows-amd64)
# Problematic frame:
# V  [jvm.dll+0x3ab2b2]
#
# No core dump will be written. Minidumps are not enabled by default on client versions of Windows
#
# If you would like to submit a bug report, please visit:
#   https://github.com/AdoptOpenJDK/openjdk-support/issues
#

---------------  S U M M A R Y ------------

Command Line: D:\Information4cs2_1\Final_Project\Library_Project\out\artifacts\Library_Project_jar\Library_Project.jar

Host: Intel(R) Core(TM) i7-8565U CPU @ 1.80GHz, 8 cores, 7G,  Windows 10 , 64 bit Build 19041 (10.0.19041.928)
Time: Thu Apr 29 21:49:46 2021 SE Asia Standard Time elapsed time: 1011.790109 seconds (0d 0h 16m 51s)

---------------  T H R E A D  ---------------

Current thread (0x000001c6e8789800):  JavaThread "JavaFX Application Thread" [_thread_in_vm, id=33976, stack(0x0000005e6cd00000,0x0000005e6ce00000)]

Stack: [0x0000005e6cd00000,0x0000005e6ce00000],  sp=0x0000005e6cdfe8a0,  free space=1018k
Native frames: (J=compiled Java code, j=interpreted, Vv=VM code, C=native code)
V  [jvm.dll+0x3ab2b2]
C  [glass.dll+0x26bc]

Java frames: (J=compiled Java code, j=interpreted, Vv=VM code)
j  com.sun.glass.ui.win.WinApplication._runLoop(Ljava/lang/Runnable;)V+0
j  com.sun.glass.ui.win.WinApplication.lambda$runLoop$3(ILjava/lang/Runnable;)V+8
j  com.sun.glass.ui.win.WinApplication$$Lambda$68.run()V+12
j  java.lang.Thread.run()V+11 java.base@11.0.11
v  ~StubRoutines::call_stub

siginfo: EXCEPTION_ACCESS_VIOLATION (0xc0000005), reading address 0x0000000000000000


Register to memory mapping:

RIP=0x00007ffcdca1b2b2 jvm.dll
RAX=0x0 is NULL
RBX=0x000001c6e8789800 is a thread
RCX=0x000001c6e8789800 is a thread
RDX=0x0000000000000006 is an unknown value
RSP=0x0000005e6cdfe8a0 is pointing into the stack for thread: 0x000001c6e8789800
RBP=0x0 is NULL
RSI=0x0 is NULL
RDI=0x000001c6e8789800 is a thread
R8 =0x0 is NULL
R9 =0x0000005e6cdfe9b8 is pointing into the stack for thread: 0x000001c6e8789800
R10=0x000001c6e7f809f0 points into unknown readable memory: 0x0000007800000003 | 03 00 00 00 78 00 00 00
R11=0x0000005e6cdfe8e0 is pointing into the stack for thread: 0x000001c6e8789800
R12=0x0 is NULL
R13=0x0000005e6cdfe9b8 is pointing into the stack for thread: 0x000001c6e8789800
R14=0x0 is NULL
R15=0x000001c6e8789b48 points into unknown readable memory: 0x00007ffcdd07ed40 | 40 ed 07 dd fc 7f 00 00


Registers:
RAX=0x0000000000000000, RBX=0x000001c6e8789800, RCX=0x000001c6e8789800, RDX=0x0000000000000006
RSP=0x0000005e6cdfe8a0, RBP=0x0000000000000000, RSI=0x0000000000000000, RDI=0x000001c6e8789800
R8 =0x0000000000000000, R9 =0x0000005e6cdfe9b8, R10=0x000001c6e7f809f0, R11=0x0000005e6cdfe8e0
R12=0x0000000000000000, R13=0x0000005e6cdfe9b8, R14=0x0000000000000000, R15=0x000001c6e8789b48
RIP=0x00007ffcdca1b2b2, EFLAGS=0x0000000000010246

Top of Stack: (sp=0x0000005e6cdfe8a0)
0x0000005e6cdfe8a0:   000001c6e8789800 000001c6e7dec2b0
0x0000005e6cdfe8b0:   00007ffcdcf08d80 000001c6e69656c0
0x0000005e6cdfe8c0:   0000000000000000 00007ffcdc843c2d
0x0000005e6cdfe8d0:   0000865e841b6b9c 00007ffcdc770f49
0x0000005e6cdfe8e0:   00007ffcdcdad400 00000000000000d4
0x0000005e6cdfe8f0:   000001c6e8789800 0000000000000000
0x0000005e6cdfe900:   000001c6e8789800 00007ffcdca24390
0x0000005e6cdfe910:   000001c6e8789800 000001c6e8789800
0x0000005e6cdfe920:   000001c6e76986f8 00007ffcf76af49f
0x0000005e6cdfe930:   0000000000000000 00007ffcf76a1feb
0x0000005e6cdfe940:   00000000000000d4 000001c6e7eb8744
0x0000005e6cdfe950:   000001c6e8789b48 0000000000000001
0x0000005e6cdfe960:   0000000000000000 00007ffcf76926bc
0x0000005e6cdfe970:   000001c6e8789b48 0000005e6cdfeb00
0x0000005e6cdfe980:   0000000000000000 000001c6e6abc500
0x0000005e6cdfe990:   0000000000000000 00007ffcf76a51f6 

Instructions: (pc=0x00007ffcdca1b2b2)
0x00007ffcdca1b1b2:   00 00 48 8b 43 10 48 8b 73 08 48 83 38 00 74 19
0x00007ffcdca1b1c2:   48 8b 53 28 48 8b ce e8 62 3e d1 ff 48 8b 4b 10
0x00007ffcdca1b1d2:   e8 c9 3d d1 ff 48 8b 43 10 48 89 46 10 ba 06 00
0x00007ffcdca1b1e2:   00 00 4c 8b 43 18 48 8b cf 4c 89 46 18 4c 8b 43
0x00007ffcdca1b1f2:   20 4c 89 46 20 44 8d 42 fe e8 10 5d d5 ff 4c 8d
0x00007ffcdca1b202:   9c 24 a0 00 00 00 0f b7 c5 49 8b 5b 30 49 8b 6b
0x00007ffcdca1b212:   38 49 8b 73 40 49 8b e3 41 5f 41 5e 41 5d 41 5c
0x00007ffcdca1b222:   5f c3 cc cc cc cc cc cc cc cc cc cc cc cc 48 89
0x00007ffcdca1b232:   5c 24 08 48 89 6c 24 10 48 89 74 24 18 57 41 54
0x00007ffcdca1b242:   41 55 41 56 41 57 48 81 ec a0 00 00 00 8b 81 90
0x00007ffcdca1b252:   00 00 00 48 8d 99 b8 fc ff ff 05 55 21 ff ff 4d
0x00007ffcdca1b262:   8b e9 4d 8b e0 4c 8b f2 4c 8b f9 83 f8 01 76 0d
0x00007ffcdca1b272:   48 8b cb 40 b6 01 e8 23 20 39 00 eb 03 40 32 f6
0x00007ffcdca1b282:   33 ed 40 84 f6 8b fd 48 0f 44 fb 48 8b cf 8d 55
0x00007ffcdca1b292:   06 e8 68 d1 d8 ff 48 89 7c 24 50 48 89 6c 24 58
0x00007ffcdca1b2a2:   48 39 6f 08 74 0a 48 8d 4c 24 50 e8 ae ee 27 00
0x00007ffcdca1b2b2:   49 8b 04 24 48 8d 4c 24 70 c7 44 24 40 0c 00 00
0x00007ffcdca1b2c2:   00 48 8b 50 08 0f b7 42 2c 48 8b 52 08 48 8b 54
0x00007ffcdca1b2d2:   c2 40 e8 67 c7 31 00 c7 84 24 88 00 00 00 63 00
0x00007ffcdca1b2e2:   00 00 48 8d 05 95 da 4e 00 48 89 44 24 70 48 89
0x00007ffcdca1b2f2:   ac 24 90 00 00 00 4c 89 ac 24 98 00 00 00 41 f6
0x00007ffcdca1b302:   c6 01 74 0c 49 8d 4e ff ff 15 48 fa 65 00 eb 09
0x00007ffcdca1b312:   49 8b ce ff 15 35 fa 65 00 48 8b c8 e8 8d 45 fc
0x00007ffcdca1b322:   ff 48 8b d7 48 8b c8 4c 8b 00 41 ff 90 b0 00 00
0x00007ffcdca1b332:   00 48 39 6f 08 75 32 48 8d 44 24 70 48 89 7c 24
0x00007ffcdca1b342:   30 48 89 44 24 28 48 8d 54 24 40 45 33 c9 4c 89
0x00007ffcdca1b352:   64 24 20 45 33 c0 49 8b cf e8 30 00 01 00 48 39
0x00007ffcdca1b362:   6f 08 75 05 48 8b 6c 24 48 48 83 7c 24 58 00 74
0x00007ffcdca1b372:   0a 48 8d 4c 24 50 e8 83 ee 27 00 48 8b 9f f0 00
0x00007ffcdca1b382:   00 00 48 8b 43 10 48 8b 73 08 48 83 38 00 74 19
0x00007ffcdca1b392:   48 8b 53 28 48 8b ce e8 92 3c d1 ff 48 8b 4b 10
0x00007ffcdca1b3a2:   e8 f9 3b d1 ff 48 8b 43 10 48 89 46 10 ba 06 00 


Stack slot to memory mapping:
stack at sp + 0 slots: 0x000001c6e8789800 is a thread
stack at sp + 1 slots: 0x000001c6e7dec2b0 points into unknown readable memory: 0x000000008a09f410 | 10 f4 09 8a 00 00 00 00
stack at sp + 2 slots: 0x00007ffcdcf08d80 jvm.dll
stack at sp + 3 slots: 0x000001c6e69656c0 points into unknown readable memory: 0x4c28240effff0018 | 18 00 ff ff 0e 24 28 4c
stack at sp + 4 slots: 0x0 is NULL
stack at sp + 5 slots: 0x00007ffcdc843c2d jvm.dll
stack at sp + 6 slots: 0x0000865e841b6b9c is an unknown value
stack at sp + 7 slots: 0x00007ffcdc770f49 jvm.dll


---------------  P R O C E S S  ---------------

Threads class SMR info:
_java_thread_list=0x000001c6eeb81e10, length=17, elements={
0x000001c6c5c6b000, 0x000001c6e6aa8800, 0x000001c6e6ab1800, 0x000001c6e6ac2000,
0x000001c6e6ac4000, 0x000001c6e6ac5000, 0x000001c6e6ad2000, 0x000001c6e6ad9000,
0x000001c6e6adc000, 0x000001c6e75a2000, 0x000001c6e7671800, 0x000001c6e7a85800,
0x000001c6e7e5a800, 0x000001c6e8789800, 0x000001c6e88b4800, 0x000001c6ef3ac000,
0x000001c6ef5dc800
}

Java Threads: ( => current thread )
  0x000001c6c5c6b000 JavaThread "main" [_thread_blocked, id=19696, stack(0x0000005e6b700000,0x0000005e6b800000)]
  0x000001c6e6aa8800 JavaThread "Reference Handler" daemon [_thread_blocked, id=8148, stack(0x0000005e6be00000,0x0000005e6bf00000)]
  0x000001c6e6ab1800 JavaThread "Finalizer" daemon [_thread_blocked, id=15220, stack(0x0000005e6bf00000,0x0000005e6c000000)]
  0x000001c6e6ac2000 JavaThread "Signal Dispatcher" daemon [_thread_blocked, id=27644, stack(0x0000005e6c000000,0x0000005e6c100000)]
  0x000001c6e6ac4000 JavaThread "Attach Listener" daemon [_thread_blocked, id=19224, stack(0x0000005e6c100000,0x0000005e6c200000)]
  0x000001c6e6ac5000 JavaThread "Service Thread" daemon [_thread_blocked, id=27032, stack(0x0000005e6c200000,0x0000005e6c300000)]
  0x000001c6e6ad2000 JavaThread "C2 CompilerThread0" daemon [_thread_blocked, id=35904, stack(0x0000005e6c300000,0x0000005e6c400000)]
  0x000001c6e6ad9000 JavaThread "C1 CompilerThread0" daemon [_thread_blocked, id=23748, stack(0x0000005e6c400000,0x0000005e6c500000)]
  0x000001c6e6adc000 JavaThread "Sweeper thread" daemon [_thread_blocked, id=39852, stack(0x0000005e6c500000,0x0000005e6c600000)]
  0x000001c6e75a2000 JavaThread "Common-Cleaner" daemon [_thread_blocked, id=32632, stack(0x0000005e6c700000,0x0000005e6c800000)]
  0x000001c6e7671800 JavaThread "JavaFX-Launcher" [_thread_blocked, id=22700, stack(0x0000005e6ca00000,0x0000005e6cb00000)]
  0x000001c6e7a85800 JavaThread "QuantumRenderer-0" daemon [_thread_blocked, id=23420, stack(0x0000005e6cb00000,0x0000005e6cc00000)]
  0x000001c6e7e5a800 JavaThread "InvokeLaterDispatcher" daemon [_thread_blocked, id=8976, stack(0x0000005e6cc00000,0x0000005e6cd00000)]
=>0x000001c6e8789800 JavaThread "JavaFX Application Thread" [_thread_in_vm, id=33976, stack(0x0000005e6cd00000,0x0000005e6ce00000)]
  0x000001c6e88b4800 JavaThread "Thread-2" daemon [_thread_in_native, id=26720, stack(0x0000005e6d100000,0x0000005e6d200000)]
  0x000001c6ef3ac000 JavaThread "Prism Font Disposer" daemon [_thread_blocked, id=33580, stack(0x0000005e6c900000,0x0000005e6ca00000)]
  0x000001c6ef5dc800 JavaThread "Cleaner-0" daemon [_thread_blocked, id=34048, stack(0x0000005e6db00000,0x0000005e6dc00000)]

Other Threads:
  0x000001c6e6a85800 VMThread "VM Thread" [stack: 0x0000005e6bd00000,0x0000005e6be00000] [id=34120]
  0x000001c6e759d000 WatcherThread [stack: 0x0000005e6c600000,0x0000005e6c700000] [id=4724]
  0x000001c6c5c82800 GCTaskThread "GC Thread#0" [stack: 0x0000005e6b800000,0x0000005e6b900000] [id=1808]
  0x000001c6e8985800 GCTaskThread "GC Thread#1" [stack: 0x0000005e6d200000,0x0000005e6d300000] [id=11732]
  0x000001c6e8a2f800 GCTaskThread "GC Thread#2" [stack: 0x0000005e6d300000,0x0000005e6d400000] [id=30600]
  0x000001c6e8a30000 GCTaskThread "GC Thread#3" [stack: 0x0000005e6d400000,0x0000005e6d500000] [id=35544]
  0x000001c6e8a31000 GCTaskThread "GC Thread#4" [stack: 0x0000005e6d500000,0x0000005e6d600000] [id=14812]
  0x000001c6e8a31800 GCTaskThread "GC Thread#5" [stack: 0x0000005e6d600000,0x0000005e6d700000] [id=12604]
  0x000001c6c5cb4000 ConcurrentGCThread "G1 Main Marker" [stack: 0x0000005e6b900000,0x0000005e6ba00000] [id=6060]
  0x000001c6c5cb7800 ConcurrentGCThread "G1 Conc#0" [stack: 0x0000005e6ba00000,0x0000005e6bb00000] [id=43220]
  0x000001c6ef35f000 ConcurrentGCThread "G1 Conc#1" [stack: 0x0000005e6c800000,0x0000005e6c900000] [id=38300]
  0x000001c6c5d49000 ConcurrentGCThread "G1 Refine#0" [stack: 0x0000005e6bb00000,0x0000005e6bc00000] [id=40732]
  0x000001c6e68f0800 ConcurrentGCThread "G1 Young RemSet Sampling" [stack: 0x0000005e6bc00000,0x0000005e6bd00000] [id=14824]

Threads with active compile tasks:

VM state:not at safepoint (normal execution)

VM Mutex/Monitor currently owned by a thread: None

Heap address: 0x0000000083c00000, size: 1988 MB, Compressed Oops mode: 32-bit
Narrow klass base: 0x0000000000000000, Narrow klass shift: 3
Compressed class space size: 1073741824 Address: 0x0000000100000000

Heap:
 garbage-first heap   total 129024K, used 44596K [0x0000000083c00000, 0x0000000100000000)
  region size 1024K, 28 young (28672K), 7 survivors (7168K)
 Metaspace       used 26353K, capacity 27295K, committed 27392K, reserved 1073152K
  class space    used 3421K, capacity 3807K, committed 3840K, reserved 1048576K
Heap Regions: E=young(eden), S=young(survivor), O=old, HS=humongous(starts), HC=humongous(continues), CS=collection set, F=free, A=archive, TAMS=top-at-mark-start (previous, next)
|   0|0x0000000083c00000, 0x0000000083c00000, 0x0000000083d00000|  0%| F|  |TAMS 0x0000000083c00000, 0x0000000083c00000| Untracked 
|   1|0x0000000083d00000, 0x0000000083e00000, 0x0000000083e00000|100%|HS|  |TAMS 0x0000000083e00000, 0x0000000083d00000| Complete 
|   2|0x0000000083e00000, 0x0000000083f00000, 0x0000000083f00000|100%|HS|  |TAMS 0x0000000083f00000, 0x0000000083e00000| Complete 
|   3|0x0000000083f00000, 0x0000000084000000, 0x0000000084000000|100%|HC|  |TAMS 0x0000000084000000, 0x0000000083f00000| Complete 
|   4|0x0000000084000000, 0x0000000084100000, 0x0000000084100000|100%|HC|  |TAMS 0x0000000084100000, 0x0000000084000000| Complete 
|   5|0x0000000084100000, 0x0000000084200000, 0x0000000084200000|100%|HC|  |TAMS 0x0000000084200000, 0x0000000084100000| Complete 
|   6|0x0000000084200000, 0x000000008427b000, 0x0000000084300000| 48%| O|  |TAMS 0x000000008427b000, 0x0000000084200000| Untracked 
|   7|0x0000000084300000, 0x0000000084400000, 0x0000000084400000|100%|HS|  |TAMS 0x0000000084400000, 0x0000000084300000| Complete 
|   8|0x0000000084400000, 0x0000000084500000, 0x0000000084500000|100%|HC|  |TAMS 0x0000000084500000, 0x0000000084400000| Complete 
|   9|0x0000000084500000, 0x0000000084600000, 0x0000000084600000|100%|HC|  |TAMS 0x0000000084600000, 0x0000000084500000| Complete 
|  10|0x0000000084600000, 0x0000000084700000, 0x0000000084700000|100%|HC|  |TAMS 0x0000000084700000, 0x0000000084600000| Complete 
|  11|0x0000000084700000, 0x0000000084800000, 0x0000000084800000|100%|HC|  |TAMS 0x0000000084800000, 0x0000000084700000| Complete 
|  12|0x0000000084800000, 0x0000000084900000, 0x0000000084900000|100%|HC|  |TAMS 0x0000000084900000, 0x0000000084800000| Complete 
|  13|0x0000000084900000, 0x0000000084a00000, 0x0000000084a00000|100%|HC|  |TAMS 0x0000000084a00000, 0x0000000084900000| Complete 
|  14|0x0000000084a00000, 0x0000000084b00000, 0x0000000084b00000|100%|HC|  |TAMS 0x0000000084b00000, 0x0000000084a00000| Complete 
|  15|0x0000000084b00000, 0x0000000084c00000, 0x0000000084c00000|100%|HC|  |TAMS 0x0000000084c00000, 0x0000000084b00000| Complete 
|  16|0x0000000084c00000, 0x0000000084d00000, 0x0000000084d00000|100%|HC|  |TAMS 0x0000000084d00000, 0x0000000084c00000| Complete 
|  17|0x0000000084d00000, 0x0000000084e00000, 0x0000000084e00000|100%|HS|  |TAMS 0x0000000084d00000, 0x0000000084d00000| Complete 
|  18|0x0000000084e00000, 0x0000000084f00000, 0x0000000084f00000|100%|HC|  |TAMS 0x0000000084e00000, 0x0000000084e00000| Complete 
|  19|0x0000000084f00000, 0x0000000084f00000, 0x0000000085000000|  0%| F|  |TAMS 0x0000000084f00000, 0x0000000084f00000| Untracked 
|  20|0x0000000085000000, 0x0000000085000000, 0x0000000085100000|  0%| F|  |TAMS 0x0000000085000000, 0x0000000085000000| Untracked 
|  21|0x0000000085100000, 0x0000000085100000, 0x0000000085200000|  0%| F|  |TAMS 0x0000000085100000, 0x0000000085100000| Untracked 
|  22|0x0000000085200000, 0x0000000085200000, 0x0000000085300000|  0%| F|  |TAMS 0x0000000085200000, 0x0000000085200000| Untracked 
|  23|0x0000000085300000, 0x0000000085300000, 0x0000000085400000|  0%| F|  |TAMS 0x0000000085300000, 0x0000000085300000| Untracked 
|  24|0x0000000085400000, 0x0000000085400000, 0x0000000085500000|  0%| F|  |TAMS 0x0000000085400000, 0x0000000085400000| Untracked 
|  25|0x0000000085500000, 0x0000000085500000, 0x0000000085600000|  0%| F|  |TAMS 0x0000000085500000, 0x0000000085500000| Untracked 
|  26|0x0000000085600000, 0x0000000085600000, 0x0000000085700000|  0%| F|  |TAMS 0x0000000085600000, 0x0000000085600000| Untracked 
|  27|0x0000000085700000, 0x0000000085700000, 0x0000000085800000|  0%| F|  |TAMS 0x0000000085700000, 0x0000000085700000| Untracked 
|  28|0x0000000085800000, 0x0000000085800000, 0x0000000085900000|  0%| F|  |TAMS 0x0000000085800000, 0x0000000085800000| Untracked 
|  29|0x0000000085900000, 0x0000000085900000, 0x0000000085a00000|  0%| F|  |TAMS 0x0000000085900000, 0x0000000085900000| Untracked 
|  30|0x0000000085a00000, 0x0000000085a00000, 0x0000000085b00000|  0%| F|  |TAMS 0x0000000085a00000, 0x0000000085a00000| Untracked 
|  31|0x0000000085b00000, 0x0000000085b00000, 0x0000000085c00000|  0%| F|  |TAMS 0x0000000085b00000, 0x0000000085b00000| Untracked 
|  32|0x0000000085c00000, 0x0000000085c00000, 0x0000000085d00000|  0%| F|  |TAMS 0x0000000085c00000, 0x0000000085c00000| Untracked 
|  33|0x0000000085d00000, 0x0000000085d00000, 0x0000000085e00000|  0%| F|  |TAMS 0x0000000085d00000, 0x0000000085d00000| Untracked 
|  34|0x0000000085e00000, 0x0000000085e00000, 0x0000000085f00000|  0%| F|  |TAMS 0x0000000085e00000, 0x0000000085e00000| Untracked 
|  35|0x0000000085f00000, 0x0000000085f00000, 0x0000000086000000|  0%| F|  |TAMS 0x0000000085f00000, 0x0000000085f00000| Untracked 
|  36|0x0000000086000000, 0x0000000086000000, 0x0000000086100000|  0%| F|  |TAMS 0x0000000086000000, 0x0000000086000000| Untracked 
|  37|0x0000000086100000, 0x0000000086100000, 0x0000000086200000|  0%| F|  |TAMS 0x0000000086100000, 0x0000000086100000| Untracked 
|  38|0x0000000086200000, 0x0000000086200000, 0x0000000086300000|  0%| F|  |TAMS 0x0000000086200000, 0x0000000086200000| Untracked 
|  39|0x0000000086300000, 0x0000000086300000, 0x0000000086400000|  0%| F|  |TAMS 0x0000000086300000, 0x0000000086300000| Untracked 
|  40|0x0000000086400000, 0x0000000086400000, 0x0000000086500000|  0%| F|  |TAMS 0x0000000086400000, 0x0000000086400000| Untracked 
|  41|0x0000000086500000, 0x0000000086500000, 0x0000000086600000|  0%| F|  |TAMS 0x0000000086500000, 0x0000000086500000| Untracked 
|  42|0x0000000086600000, 0x0000000086600000, 0x0000000086700000|  0%| F|  |TAMS 0x0000000086600000, 0x0000000086600000| Untracked 
|  43|0x0000000086700000, 0x0000000086700000, 0x0000000086800000|  0%| F|  |TAMS 0x0000000086700000, 0x0000000086700000| Untracked 
|  44|0x0000000086800000, 0x0000000086800000, 0x0000000086900000|  0%| F|  |TAMS 0x0000000086800000, 0x0000000086800000| Untracked 
|  45|0x0000000086900000, 0x0000000086900000, 0x0000000086a00000|  0%| F|  |TAMS 0x0000000086900000, 0x0000000086900000| Untracked 
|  46|0x0000000086a00000, 0x0000000086a00000, 0x0000000086b00000|  0%| F|  |TAMS 0x0000000086a00000, 0x0000000086a00000| Untracked 
|  47|0x0000000086b00000, 0x0000000086b00000, 0x0000000086c00000|  0%| F|  |TAMS 0x0000000086b00000, 0x0000000086b00000| Untracked 
|  48|0x0000000086c00000, 0x0000000086c00000, 0x0000000086d00000|  0%| F|  |TAMS 0x0000000086c00000, 0x0000000086c00000| Untracked 
|  49|0x0000000086d00000, 0x0000000086d00000, 0x0000000086e00000|  0%| F|  |TAMS 0x0000000086d00000, 0x0000000086d00000| Untracked 
|  50|0x0000000086e00000, 0x0000000086e00000, 0x0000000086f00000|  0%| F|  |TAMS 0x0000000086e00000, 0x0000000086e00000| Untracked 
|  51|0x0000000086f00000, 0x0000000086f00000, 0x0000000087000000|  0%| F|  |TAMS 0x0000000086f00000, 0x0000000086f00000| Untracked 
|  52|0x0000000087000000, 0x0000000087000000, 0x0000000087100000|  0%| F|  |TAMS 0x0000000087000000, 0x0000000087000000| Untracked 
|  53|0x0000000087100000, 0x0000000087100000, 0x0000000087200000|  0%| F|  |TAMS 0x0000000087100000, 0x0000000087100000| Untracked 
|  54|0x0000000087200000, 0x0000000087200000, 0x0000000087300000|  0%| F|  |TAMS 0x0000000087200000, 0x0000000087200000| Untracked 
|  55|0x0000000087300000, 0x0000000087300000, 0x0000000087400000|  0%| F|  |TAMS 0x0000000087300000, 0x0000000087300000| Untracked 
|  56|0x0000000087400000, 0x0000000087400000, 0x0000000087500000|  0%| F|  |TAMS 0x0000000087400000, 0x0000000087400000| Untracked 
|  57|0x0000000087500000, 0x0000000087500000, 0x0000000087600000|  0%| F|  |TAMS 0x0000000087500000, 0x0000000087500000| Untracked 
|  58|0x0000000087600000, 0x0000000087600000, 0x0000000087700000|  0%| F|  |TAMS 0x0000000087600000, 0x0000000087600000| Untracked 
|  59|0x0000000087700000, 0x0000000087700000, 0x0000000087800000|  0%| F|  |TAMS 0x0000000087700000, 0x0000000087700000| Untracked 
|  60|0x0000000087800000, 0x0000000087800000, 0x0000000087900000|  0%| F|  |TAMS 0x0000000087800000, 0x0000000087800000| Untracked 
|  61|0x0000000087900000, 0x0000000087900000, 0x0000000087a00000|  0%| F|  |TAMS 0x0000000087900000, 0x0000000087900000| Untracked 
|  62|0x0000000087a00000, 0x0000000087a00000, 0x0000000087b00000|  0%| F|  |TAMS 0x0000000087a00000, 0x0000000087a00000| Untracked 
|  63|0x0000000087b00000, 0x0000000087b00000, 0x0000000087c00000|  0%| F|  |TAMS 0x0000000087b00000, 0x0000000087b00000| Untracked 
|  64|0x0000000087c00000, 0x0000000087c00000, 0x0000000087d00000|  0%| F|  |TAMS 0x0000000087c00000, 0x0000000087c00000| Untracked 
|  65|0x0000000087d00000, 0x0000000087d00000, 0x0000000087e00000|  0%| F|  |TAMS 0x0000000087d00000, 0x0000000087d00000| Untracked 
|  66|0x0000000087e00000, 0x0000000087e00000, 0x0000000087f00000|  0%| F|  |TAMS 0x0000000087e00000, 0x0000000087e00000| Untracked 
|  67|0x0000000087f00000, 0x0000000087f00000, 0x0000000088000000|  0%| F|  |TAMS 0x0000000087f00000, 0x0000000087f00000| Untracked 
|  68|0x0000000088000000, 0x0000000088000000, 0x0000000088100000|  0%| F|  |TAMS 0x0000000088000000, 0x0000000088000000| Untracked 
|  69|0x0000000088100000, 0x0000000088100000, 0x0000000088200000|  0%| F|  |TAMS 0x0000000088100000, 0x0000000088100000| Untracked 
|  70|0x0000000088200000, 0x0000000088200000, 0x0000000088300000|  0%| F|  |TAMS 0x0000000088200000, 0x0000000088200000| Untracked 
|  71|0x0000000088300000, 0x0000000088300000, 0x0000000088400000|  0%| F|  |TAMS 0x0000000088300000, 0x0000000088300000| Untracked 
|  72|0x0000000088400000, 0x0000000088400000, 0x0000000088500000|  0%| F|  |TAMS 0x0000000088400000, 0x0000000088400000| Untracked 
|  73|0x0000000088500000, 0x0000000088500000, 0x0000000088600000|  0%| F|  |TAMS 0x0000000088500000, 0x0000000088500000| Untracked 
|  74|0x0000000088600000, 0x0000000088600000, 0x0000000088700000|  0%| F|  |TAMS 0x0000000088600000, 0x0000000088600000| Untracked 
|  75|0x0000000088700000, 0x0000000088700000, 0x0000000088800000|  0%| F|  |TAMS 0x0000000088700000, 0x0000000088700000| Untracked 
|  76|0x0000000088800000, 0x0000000088800000, 0x0000000088900000|  0%| F|  |TAMS 0x0000000088800000, 0x0000000088800000| Untracked 
|  77|0x0000000088900000, 0x0000000088900000, 0x0000000088a00000|  0%| F|  |TAMS 0x0000000088900000, 0x0000000088900000| Untracked 
|  78|0x0000000088a00000, 0x0000000088a00000, 0x0000000088b00000|  0%| F|  |TAMS 0x0000000088a00000, 0x0000000088a00000| Untracked 
|  79|0x0000000088b00000, 0x0000000088b00000, 0x0000000088c00000|  0%| F|  |TAMS 0x0000000088b00000, 0x0000000088b00000| Untracked 
|  80|0x0000000088c00000, 0x0000000088c00000, 0x0000000088d00000|  0%| F|  |TAMS 0x0000000088c00000, 0x0000000088c00000| Untracked 
|  81|0x0000000088d00000, 0x0000000088d00000, 0x0000000088e00000|  0%| F|  |TAMS 0x0000000088d00000, 0x0000000088d00000| Untracked 
|  82|0x0000000088e00000, 0x0000000088e00000, 0x0000000088f00000|  0%| F|  |TAMS 0x0000000088e00000, 0x0000000088e00000| Untracked 
|  83|0x0000000088f00000, 0x0000000088f00000, 0x0000000089000000|  0%| F|  |TAMS 0x0000000088f00000, 0x0000000088f00000| Untracked 
|  84|0x0000000089000000, 0x0000000089000000, 0x0000000089100000|  0%| F|  |TAMS 0x0000000089000000, 0x0000000089000000| Untracked 
|  85|0x0000000089100000, 0x0000000089100000, 0x0000000089200000|  0%| F|  |TAMS 0x0000000089100000, 0x0000000089100000| Untracked 
|  86|0x0000000089200000, 0x0000000089200000, 0x0000000089300000|  0%| F|  |TAMS 0x0000000089200000, 0x0000000089200000| Untracked 
|  87|0x0000000089300000, 0x0000000089300000, 0x0000000089400000|  0%| F|  |TAMS 0x0000000089300000, 0x0000000089300000| Untracked 
|  88|0x0000000089400000, 0x0000000089400000, 0x0000000089500000|  0%| F|  |TAMS 0x0000000089400000, 0x0000000089400000| Untracked 
|  89|0x0000000089500000, 0x0000000089500000, 0x0000000089600000|  0%| F|  |TAMS 0x0000000089500000, 0x0000000089500000| Untracked 
|  90|0x0000000089600000, 0x0000000089600000, 0x0000000089700000|  0%| F|  |TAMS 0x0000000089600000, 0x0000000089600000| Untracked 
|  91|0x0000000089700000, 0x0000000089700000, 0x0000000089800000|  0%| F|  |TAMS 0x0000000089700000, 0x0000000089700000| Untracked 
|  92|0x0000000089800000, 0x0000000089800000, 0x0000000089900000|  0%| F|  |TAMS 0x0000000089800000, 0x0000000089800000| Untracked 
|  93|0x0000000089900000, 0x0000000089900000, 0x0000000089a00000|  0%| F|  |TAMS 0x0000000089900000, 0x0000000089900000| Untracked 
|  94|0x0000000089a00000, 0x0000000089a00000, 0x0000000089b00000|  0%| F|  |TAMS 0x0000000089a00000, 0x0000000089a00000| Untracked 
|  95|0x0000000089b00000, 0x0000000089b00000, 0x0000000089c00000|  0%| F|  |TAMS 0x0000000089b00000, 0x0000000089b00000| Untracked 
|  96|0x0000000089c00000, 0x0000000089c00000, 0x0000000089d00000|  0%| F|  |TAMS 0x0000000089c00000, 0x0000000089c00000| Untracked 
|  97|0x0000000089d00000, 0x0000000089d122b0, 0x0000000089e00000|  7%| S|CS|TAMS 0x0000000089d00000, 0x0000000089d00000| Complete 
|  98|0x0000000089e00000, 0x0000000089f00000, 0x0000000089f00000|100%| S|CS|TAMS 0x0000000089e00000, 0x0000000089e00000| Complete 
|  99|0x0000000089f00000, 0x0000000089f00000, 0x000000008a000000|  0%| F|  |TAMS 0x0000000089f00000, 0x0000000089f00000| Untracked 
| 100|0x000000008a000000, 0x000000008a100000, 0x000000008a100000|100%| E|  |TAMS 0x000000008a000000, 0x000000008a000000| Complete 
| 101|0x000000008a100000, 0x000000008a200000, 0x000000008a200000|100%| E|CS|TAMS 0x000000008a100000, 0x000000008a100000| Complete 
| 102|0x000000008a200000, 0x000000008a300000, 0x000000008a300000|100%| S|CS|TAMS 0x000000008a200000, 0x000000008a200000| Complete 
| 103|0x000000008a300000, 0x000000008a400000, 0x000000008a400000|100%| S|CS|TAMS 0x000000008a300000, 0x000000008a300000| Complete 
| 104|0x000000008a400000, 0x000000008a500000, 0x000000008a500000|100%| S|CS|TAMS 0x000000008a400000, 0x000000008a400000| Complete 
| 105|0x000000008a500000, 0x000000008a600000, 0x000000008a600000|100%| S|CS|TAMS 0x000000008a500000, 0x000000008a500000| Complete 
| 106|0x000000008a600000, 0x000000008a700000, 0x000000008a700000|100%| S|CS|TAMS 0x000000008a600000, 0x000000008a600000| Complete 
| 107|0x000000008a700000, 0x000000008a800000, 0x000000008a800000|100%| E|CS|TAMS 0x000000008a700000, 0x000000008a700000| Complete 
| 108|0x000000008a800000, 0x000000008a900000, 0x000000008a900000|100%| E|CS|TAMS 0x000000008a800000, 0x000000008a800000| Complete 
| 109|0x000000008a900000, 0x000000008aa00000, 0x000000008aa00000|100%| E|CS|TAMS 0x000000008a900000, 0x000000008a900000| Complete 
| 110|0x000000008aa00000, 0x000000008ab00000, 0x000000008ab00000|100%| E|CS|TAMS 0x000000008aa00000, 0x000000008aa00000| Complete 
| 111|0x000000008ab00000, 0x000000008ac00000, 0x000000008ac00000|100%| E|CS|TAMS 0x000000008ab00000, 0x000000008ab00000| Complete 
| 112|0x000000008ac00000, 0x000000008ad00000, 0x000000008ad00000|100%| E|CS|TAMS 0x000000008ac00000, 0x000000008ac00000| Complete 
| 113|0x000000008ad00000, 0x000000008ae00000, 0x000000008ae00000|100%| E|CS|TAMS 0x000000008ad00000, 0x000000008ad00000| Complete 
| 114|0x000000008ae00000, 0x000000008af00000, 0x000000008af00000|100%| E|CS|TAMS 0x000000008ae00000, 0x000000008ae00000| Complete 
| 115|0x000000008af00000, 0x000000008b000000, 0x000000008b000000|100%| E|CS|TAMS 0x000000008af00000, 0x000000008af00000| Complete 
| 116|0x000000008b000000, 0x000000008b100000, 0x000000008b100000|100%| E|CS|TAMS 0x000000008b000000, 0x000000008b000000| Complete 
| 117|0x000000008b100000, 0x000000008b200000, 0x000000008b200000|100%| E|CS|TAMS 0x000000008b100000, 0x000000008b100000| Complete 
| 118|0x000000008b200000, 0x000000008b300000, 0x000000008b300000|100%| E|CS|TAMS 0x000000008b200000, 0x000000008b200000| Complete 
| 119|0x000000008b300000, 0x000000008b400000, 0x000000008b400000|100%| E|CS|TAMS 0x000000008b300000, 0x000000008b300000| Complete 
| 120|0x000000008b400000, 0x000000008b500000, 0x000000008b500000|100%| E|CS|TAMS 0x000000008b400000, 0x000000008b400000| Complete 
| 121|0x000000008b500000, 0x000000008b600000, 0x000000008b600000|100%| E|CS|TAMS 0x000000008b500000, 0x000000008b500000| Complete 
| 122|0x000000008b600000, 0x000000008b700000, 0x000000008b700000|100%| E|CS|TAMS 0x000000008b600000, 0x000000008b600000| Complete 
| 123|0x000000008b700000, 0x000000008b800000, 0x000000008b800000|100%| E|CS|TAMS 0x000000008b700000, 0x000000008b700000| Complete 
| 124|0x000000008b800000, 0x000000008b900000, 0x000000008b900000|100%| E|CS|TAMS 0x000000008b800000, 0x000000008b800000| Complete 
| 125|0x000000008b900000, 0x000000008ba00000, 0x000000008ba00000|100%| E|CS|TAMS 0x000000008b900000, 0x000000008b900000| Complete 

Card table byte_map: [0x000001c6df9d0000,0x000001c6dfdc0000] _byte_map_base: 0x000001c6df5b2000

Marking Bits (Prev, Next): (CMBitMap*) 0x000001c6c5cab420, (CMBitMap*) 0x000001c6c5cab3e8
 Prev Bits: [0x000001c6e20c0000, 0x000001c6e3fd0000)
 Next Bits: [0x000001c6e01b0000, 0x000001c6e20c0000)

Polling page: 0x000001c6c5d50000

Metaspace:

Usage:
  Non-class:     22.94 MB capacity,    22.39 MB ( 98%) used,   450.09 KB (  2%) free+waste,   105.44 KB ( <1%) overhead. 
      Class:      3.72 MB capacity,     3.34 MB ( 90%) used,   331.52 KB (  9%) free+waste,    54.44 KB (  1%) overhead. 
       Both:     26.66 MB capacity,    25.74 MB ( 97%) used,   781.61 KB (  3%) free+waste,   159.88 KB ( <1%) overhead. 

Virtual space:
  Non-class space:       24.00 MB reserved,      23.00 MB ( 96%) committed 
      Class space:        1.00 GB reserved,       3.75 MB ( <1%) committed 
             Both:        1.02 GB reserved,      26.75 MB (  3%) committed 

Chunk freelists:
   Non-Class:  0 bytes
       Class:  1.00 KB
        Both:  1.00 KB

MaxMetaspaceSize: 17179869184.00 GB
CompressedClassSpaceSize: 1.00 GB

CodeHeap 'non-profiled nmethods': size=120000Kb used=1299Kb max_used=1299Kb free=118700Kb
 bounds [0x000001c6d7640000, 0x000001c6d78b0000, 0x000001c6deb70000]
CodeHeap 'profiled nmethods': size=120000Kb used=6061Kb max_used=6061Kb free=113938Kb
 bounds [0x000001c6d0110000, 0x000001c6d0700000, 0x000001c6d7640000]
CodeHeap 'non-nmethods': size=5760Kb used=1355Kb max_used=1385Kb free=4404Kb
 bounds [0x000001c6cfb70000, 0x000001c6cfde0000, 0x000001c6d0110000]
 total_blobs=3872 nmethods=3081 adapters=702
 compilation: enabled
              stopped_count=0, restarted_count=0
 full_count=0

Compilation events (20 events):
Event: 1011.277 Thread 0x000001c6e6ad9000 3072       1       com.sun.javafx.scene.NodeEventDispatcher::getFirstDispatcher (5 bytes)
Event: 1011.277 Thread 0x000001c6e6ad9000 nmethod 3072 0x000001c6d7784490 code [0x000001c6d7784640, 0x000001c6d77846f8]
Event: 1011.326 Thread 0x000001c6e6ad9000 3073       3       javafx.scene.Node::getCursor (21 bytes)
Event: 1011.327 Thread 0x000001c6e6ad9000 nmethod 3073 0x000001c6d06f8b90 code [0x000001c6d06f8d60, 0x000001c6d06f9128]
Event: 1011.495 Thread 0x000001c6e6ad9000 3074       1       com.sun.javafx.sg.prism.NGGroup::getRemovedChildren (5 bytes)
Event: 1011.495 Thread 0x000001c6e6ad9000 nmethod 3074 0x000001c6d7784790 code [0x000001c6d7784940, 0x000001c6d77849f8]
Event: 1011.495 Thread 0x000001c6e6ad9000 3076       3       java.lang.Math::abs (14 bytes)
Event: 1011.495 Thread 0x000001c6e6ad9000 nmethod 3076 0x000001c6d06f9290 code [0x000001c6d06f9440, 0x000001c6d06f9598]
Event: 1011.495 Thread 0x000001c6e6ad9000 3077       3       com.sun.javafx.geom.Path2D::needRoom (94 bytes)
Event: 1011.495 Thread 0x000001c6e6ad9000 nmethod 3077 0x000001c6d06f9610 code [0x000001c6d06f9820, 0x000001c6d06f9d88]
Event: 1011.495 Thread 0x000001c6e6ad9000 3075       1       com.sun.javafx.sg.prism.NGGroup::getChildren (5 bytes)
Event: 1011.495 Thread 0x000001c6e6ad9000 nmethod 3075 0x000001c6d7784a90 code [0x000001c6d7784c40, 0x000001c6d7784cf8]
Event: 1011.497 Thread 0x000001c6e6ad9000 3078       3       java.util.concurrent.ThreadPoolExecutor::runStateAtLeast (11 bytes)
Event: 1011.497 Thread 0x000001c6e6ad9000 nmethod 3078 0x000001c6d06f9f10 code [0x000001c6d06fa0c0, 0x000001c6d06fa1f8]
Event: 1011.623 Thread 0x000001c6e6ad9000 3079   !   3       com.sun.glass.ui.InvokeLaterDispatcher$Future::run (91 bytes)
Event: 1011.624 Thread 0x000001c6e6ad9000 nmethod 3079 0x000001c6d06fa290 code [0x000001c6d06fa480, 0x000001c6d06faa88]
Event: 1011.655 Thread 0x000001c6e6ad9000 3080       3       java.lang.Math::max (12 bytes)
Event: 1011.655 Thread 0x000001c6e6ad9000 nmethod 3080 0x000001c6d06fad90 code [0x000001c6d06faf40, 0x000001c6d06fb078]
Event: 1011.754 Thread 0x000001c6e6ad9000 3081       3       java.io.IOException::<init> (6 bytes)
Event: 1011.755 Thread 0x000001c6e6ad9000 nmethod 3081 0x000001c6d06fb110 code [0x000001c6d06fb2e0, 0x000001c6d06fb468]

GC Heap History (4 events):
Event: 0.636 GC heap before
{Heap before GC invocations=0 (full 0):
 garbage-first heap   total 129024K, used 29696K [0x0000000083c00000, 0x0000000100000000)
  region size 1024K, 24 young (24576K), 0 survivors (0K)
 Metaspace       used 15464K, capacity 15935K, committed 16000K, reserved 1062912K
  class space    used 1693K, capacity 1871K, committed 1920K, reserved 1048576K
}
Event: 0.640 GC heap after
{Heap after GC invocations=1 (full 0):
 garbage-first heap   total 129024K, used 8684K [0x0000000083c00000, 0x0000000100000000)
  region size 1024K, 3 young (3072K), 3 survivors (3072K)
 Metaspace       used 15464K, capacity 15935K, committed 16000K, reserved 1062912K
  class space    used 1693K, capacity 1871K, committed 1920K, reserved 1048576K
}
Event: 1.222 GC heap before
{Heap before GC invocations=1 (full 0):
 garbage-first heap   total 129024K, used 37356K [0x0000000083c00000, 0x0000000100000000)
  region size 1024K, 22 young (22528K), 3 survivors (3072K)
 Metaspace       used 20373K, capacity 21059K, committed 21248K, reserved 1067008K
  class space    used 2526K, capacity 2789K, committed 2816K, reserved 1048576K
}
Event: 1.229 GC heap after
{Heap after GC invocations=2 (full 0):
 garbage-first heap   total 129024K, used 22068K [0x0000000083c00000, 0x0000000100000000)
  region size 1024K, 7 young (7168K), 7 survivors (7168K)
 Metaspace       used 20373K, capacity 21059K, committed 21248K, reserved 1067008K
  class space    used 2526K, capacity 2789K, committed 2816K, reserved 1048576K
}

Deoptimization events (20 events):
Event: 1.876 Thread 0x000001c6e7a85800 DEOPT PACKING pc=0x000001c6d04f50b7 sp=0x0000005e6cbfda50
Event: 1.876 Thread 0x000001c6e7a85800 DEOPT UNPACKING pc=0x000001c6cfb96dde sp=0x0000005e6cbfcea8 mode 0
Event: 1.876 Thread 0x000001c6e7a85800 DEOPT PACKING pc=0x000001c6d04f50d8 sp=0x0000005e6cbfda50
Event: 1.876 Thread 0x000001c6e7a85800 DEOPT UNPACKING pc=0x000001c6cfb96dde sp=0x0000005e6cbfceb8 mode 0
Event: 1.877 Thread 0x000001c6e7a85800 DEOPT PACKING pc=0x000001c6d04f50d8 sp=0x0000005e6cbfda50
Event: 1.877 Thread 0x000001c6e7a85800 DEOPT UNPACKING pc=0x000001c6cfb96dde sp=0x0000005e6cbfceb8 mode 0
Event: 1.877 Thread 0x000001c6e7a85800 DEOPT PACKING pc=0x000001c6d04f50d8 sp=0x0000005e6cbfda50
Event: 1.877 Thread 0x000001c6e7a85800 DEOPT UNPACKING pc=0x000001c6cfb96dde sp=0x0000005e6cbfceb8 mode 0
Event: 1.878 Thread 0x000001c6e7a85800 DEOPT PACKING pc=0x000001c6d04f50d8 sp=0x0000005e6cbfda50
Event: 1.878 Thread 0x000001c6e7a85800 DEOPT UNPACKING pc=0x000001c6cfb96dde sp=0x0000005e6cbfceb8 mode 0
Event: 2.733 Thread 0x000001c6e7a85800 DEOPT PACKING pc=0x000001c6d04f5174 sp=0x0000005e6cbfd810
Event: 2.733 Thread 0x000001c6e7a85800 DEOPT UNPACKING pc=0x000001c6cfb96dde sp=0x0000005e6cbfcc78 mode 0
Event: 1010.585 Thread 0x000001c6e7a85800 DEOPT PACKING pc=0x000001c6d062a34f sp=0x0000005e6cbfd7a0
Event: 1010.585 Thread 0x000001c6e7a85800 DEOPT UNPACKING pc=0x000001c6cfb96dde sp=0x0000005e6cbfcbd8 mode 0
Event: 1010.585 Thread 0x000001c6e7a85800 DEOPT PACKING pc=0x000001c6d05d285f sp=0x0000005e6cbfd870
Event: 1010.585 Thread 0x000001c6e7a85800 DEOPT UNPACKING pc=0x000001c6cfb96dde sp=0x0000005e6cbfcd20 mode 0
Event: 1010.587 Thread 0x000001c6e7a85800 DEOPT PACKING pc=0x000001c6d05d285f sp=0x0000005e6cbfd870
Event: 1010.587 Thread 0x000001c6e7a85800 DEOPT UNPACKING pc=0x000001c6cfb96dde sp=0x0000005e6cbfcd20 mode 0
Event: 1010.745 Thread 0x000001c6e7a85800 DEOPT PACKING pc=0x000001c6d0629e1f sp=0x0000005e6cbfd6e0
Event: 1010.745 Thread 0x000001c6e7a85800 DEOPT UNPACKING pc=0x000001c6cfb96dde sp=0x0000005e6cbfcb18 mode 0

Classes redefined (0 events):
No events

Internal exceptions (20 events):
Event: 1011.753 Thread 0x000001c6e8789800 Exception <a 'java/io/IOException'{0x000000008a09a358}> (0x000000008a09a358) thrown at [./src/hotspot/share/prims/jni.cpp, line 615]
Event: 1011.753 Thread 0x000001c6e8789800 Exception <a 'java/io/IOException'{0x000000008a09a668}> (0x000000008a09a668) thrown at [./src/hotspot/share/prims/jni.cpp, line 615]
Event: 1011.753 Thread 0x000001c6e8789800 Exception <a 'java/io/IOException'{0x000000008a09adb0}> (0x000000008a09adb0) thrown at [./src/hotspot/share/prims/jni.cpp, line 615]
Event: 1011.753 Thread 0x000001c6e8789800 Exception <a 'java/io/IOException'{0x000000008a09b0f0}> (0x000000008a09b0f0) thrown at [./src/hotspot/share/prims/jni.cpp, line 615]
Event: 1011.754 Thread 0x000001c6e8789800 Exception <a 'java/io/IOException'{0x000000008a09b400}> (0x000000008a09b400) thrown at [./src/hotspot/share/prims/jni.cpp, line 615]
Event: 1011.754 Thread 0x000001c6e8789800 Exception <a 'java/io/IOException'{0x000000008a09ba70}> (0x000000008a09ba70) thrown at [./src/hotspot/share/prims/jni.cpp, line 615]
Event: 1011.754 Thread 0x000001c6e8789800 Exception <a 'java/io/IOException'{0x000000008a09bdb0}> (0x000000008a09bdb0) thrown at [./src/hotspot/share/prims/jni.cpp, line 615]
Event: 1011.754 Thread 0x000001c6e8789800 Exception <a 'java/io/IOException'{0x000000008a09c0c0}> (0x000000008a09c0c0) thrown at [./src/hotspot/share/prims/jni.cpp, line 615]
Event: 1011.754 Thread 0x000001c6e8789800 Exception <a 'java/io/IOException'{0x000000008a09c7a0}> (0x000000008a09c7a0) thrown at [./src/hotspot/share/prims/jni.cpp, line 615]
Event: 1011.754 Thread 0x000001c6e8789800 Exception <a 'java/io/IOException'{0x000000008a09cae0}> (0x000000008a09cae0) thrown at [./src/hotspot/share/prims/jni.cpp, line 615]
Event: 1011.754 Thread 0x000001c6e8789800 Exception <a 'java/io/IOException'{0x000000008a09cdf0}> (0x000000008a09cdf0) thrown at [./src/hotspot/share/prims/jni.cpp, line 615]
Event: 1011.754 Thread 0x000001c6e8789800 Exception <a 'java/io/IOException'{0x000000008a09d350}> (0x000000008a09d350) thrown at [./src/hotspot/share/prims/jni.cpp, line 615]
Event: 1011.754 Thread 0x000001c6e8789800 Exception <a 'java/io/IOException'{0x000000008a09d690}> (0x000000008a09d690) thrown at [./src/hotspot/share/prims/jni.cpp, line 615]
Event: 1011.754 Thread 0x000001c6e8789800 Exception <a 'java/io/IOException'{0x000000008a09d9a0}> (0x000000008a09d9a0) thrown at [./src/hotspot/share/prims/jni.cpp, line 615]
Event: 1011.754 Thread 0x000001c6e8789800 Exception <a 'java/io/IOException'{0x000000008a09e098}> (0x000000008a09e098) thrown at [./src/hotspot/share/prims/jni.cpp, line 615]
Event: 1011.754 Thread 0x000001c6e8789800 Exception <a 'java/io/IOException'{0x000000008a09e3d8}> (0x000000008a09e3d8) thrown at [./src/hotspot/share/prims/jni.cpp, line 615]
Event: 1011.755 Thread 0x000001c6e8789800 Exception <a 'java/io/IOException'{0x000000008a09e6e8}> (0x000000008a09e6e8) thrown at [./src/hotspot/share/prims/jni.cpp, line 615]
Event: 1011.755 Thread 0x000001c6e8789800 Exception <a 'java/io/IOException'{0x000000008a09edc0}> (0x000000008a09edc0) thrown at [./src/hotspot/share/prims/jni.cpp, line 615]
Event: 1011.755 Thread 0x000001c6e8789800 Exception <a 'java/io/IOException'{0x000000008a09f100}> (0x000000008a09f100) thrown at [./src/hotspot/share/prims/jni.cpp, line 615]
Event: 1011.755 Thread 0x000001c6e8789800 Exception <a 'java/io/IOException'{0x000000008a09f410}> (0x000000008a09f410) thrown at [./src/hotspot/share/prims/jni.cpp, line 615]

Events (20 events):
Event: 6.072 loading class com/sun/javafx/tk/quantum/WindowStage
Event: 6.072 loading class com/sun/javafx/tk/quantum/WindowStage done
Event: 6.072 loading class com/sun/javafx/tk/quantum/ViewScene
Event: 6.072 loading class com/sun/javafx/tk/quantum/ViewScene done
Event: 6.073 loading class com/sun/javafx/tk/quantum/WindowStage
Event: 6.073 loading class com/sun/javafx/tk/quantum/WindowStage done
Event: 7.415 Loaded shared library C:\Program Files\AdoptOpenJDK\jdk-11.0.11.9-hotspot\bin\java.dll
Event: 1010.415 Loaded shared library C:\Users\txamm\.openjfx\cache\16\prism_d3d.dll
Event: 1010.887 loading class com/sun/glass/ui/win/WinDnDClipboard
Event: 1010.887 loading class com/sun/glass/ui/win/WinDnDClipboard done
Event: 1010.887 loading class java/util/zip/ZipException
Event: 1010.887 loading class java/util/zip/ZipException done
Event: 1010.887 loading class java/util/zip/DataFormatException
Event: 1010.887 loading class java/util/zip/DataFormatException done
Event: 1010.888 loading class javafx/scene/Scene$DnDGesture
Event: 1010.888 loading class javafx/scene/Scene$DnDGesture done
Event: 1010.990 loading class com/sun/glass/ui/win/WinDnDClipboard
Event: 1010.990 loading class com/sun/glass/ui/win/WinDnDClipboard done
Event: 1011.752 loading class com/sun/glass/ui/win/WinDnDClipboard
Event: 1011.752 loading class com/sun/glass/ui/win/WinDnDClipboard done


Dynamic libraries:
0x00007ff65a650000 - 0x00007ff65a65d000 	C:\Program Files\AdoptOpenJDK\jdk-11.0.11.9-hotspot\bin\javaw.exe
0x00007ffd4d830000 - 0x00007ffd4da25000 	C:\WINDOWS\SYSTEM32\ntdll.dll
0x00007ffd4c5e0000 - 0x00007ffd4c69d000 	C:\WINDOWS\System32\KERNEL32.DLL
0x00007ffd4b410000 - 0x00007ffd4b6d8000 	C:\WINDOWS\System32\KERNELBASE.dll
0x00007ffd4b790000 - 0x00007ffd4b890000 	C:\WINDOWS\System32\ucrtbase.dll
0x00007ffd066f0000 - 0x00007ffd06707000 	C:\Program Files\AdoptOpenJDK\jdk-11.0.11.9-hotspot\bin\jli.dll
0x00007ffd066d0000 - 0x00007ffd066e5000 	C:\Program Files\AdoptOpenJDK\jdk-11.0.11.9-hotspot\bin\VCRUNTIME140.dll
0x00007ffd4cbd0000 - 0x00007ffd4cd70000 	C:\WINDOWS\System32\USER32.dll
0x00007ffd4aff0000 - 0x00007ffd4b012000 	C:\WINDOWS\System32\win32u.dll
0x00007ffd2aa50000 - 0x00007ffd2acea000 	C:\WINDOWS\WinSxS\amd64_microsoft.windows.common-controls_6595b64144ccf1df_6.0.19041.844_none_ca00b6081b84eb1d\COMCTL32.dll
0x00007ffd4c6a0000 - 0x00007ffd4c6ca000 	C:\WINDOWS\System32\GDI32.dll
0x00007ffd4b070000 - 0x00007ffd4b17b000 	C:\WINDOWS\System32\gdi32full.dll
0x00007ffd4bc50000 - 0x00007ffd4bcee000 	C:\WINDOWS\System32\msvcrt.dll
0x00007ffd4b370000 - 0x00007ffd4b40d000 	C:\WINDOWS\System32\msvcp_win.dll
0x00007ffd4c060000 - 0x00007ffd4c090000 	C:\WINDOWS\System32\IMM32.DLL
0x00007ffcf69b0000 - 0x00007ffcf6a4b000 	C:\Program Files\AdoptOpenJDK\jdk-11.0.11.9-hotspot\bin\msvcp140.dll
0x00007ffcdc670000 - 0x00007ffcdd1bb000 	C:\Program Files\AdoptOpenJDK\jdk-11.0.11.9-hotspot\bin\server\jvm.dll
0x00007ffd4c330000 - 0x00007ffd4c3dc000 	C:\WINDOWS\System32\ADVAPI32.dll
0x00007ffd4c1d0000 - 0x00007ffd4c26b000 	C:\WINDOWS\System32\sechost.dll
0x00007ffd4cde0000 - 0x00007ffd4cf0b000 	C:\WINDOWS\System32\RPCRT4.dll
0x00007ffd4c270000 - 0x00007ffd4c278000 	C:\WINDOWS\System32\PSAPI.DLL
0x00007ffd45010000 - 0x00007ffd45019000 	C:\WINDOWS\SYSTEM32\WSOCK32.dll
0x00007ffd48810000 - 0x00007ffd48837000 	C:\WINDOWS\SYSTEM32\WINMM.dll
0x00007ffd4cd70000 - 0x00007ffd4cddb000 	C:\WINDOWS\System32\WS2_32.dll
0x00007ffd44440000 - 0x00007ffd4444a000 	C:\WINDOWS\SYSTEM32\VERSION.dll
0x00007ffd48ea0000 - 0x00007ffd48eb2000 	C:\WINDOWS\SYSTEM32\kernel.appcore.dll
0x00007ffd37510000 - 0x00007ffd37520000 	C:\Program Files\AdoptOpenJDK\jdk-11.0.11.9-hotspot\bin\verify.dll
0x00007ffd48620000 - 0x00007ffd48804000 	C:\WINDOWS\SYSTEM32\DBGHELP.DLL
0x00007ffd3e860000 - 0x00007ffd3e88c000 	C:\WINDOWS\SYSTEM32\dbgcore.DLL
0x00007ffd4af70000 - 0x00007ffd4aff0000 	C:\WINDOWS\System32\bcryptPrimitives.dll
0x00007ffd066a0000 - 0x00007ffd066c8000 	C:\Program Files\AdoptOpenJDK\jdk-11.0.11.9-hotspot\bin\java.dll
0x00007ffd36260000 - 0x00007ffd3626a000 	C:\Program Files\AdoptOpenJDK\jdk-11.0.11.9-hotspot\bin\jimage.dll
0x00007ffd060e0000 - 0x00007ffd060f7000 	C:\Program Files\AdoptOpenJDK\jdk-11.0.11.9-hotspot\bin\zip.dll
0x00007ffd4d0a0000 - 0x00007ffd4d7e2000 	C:\WINDOWS\System32\SHELL32.dll
0x00007ffd490c0000 - 0x00007ffd49850000 	C:\WINDOWS\SYSTEM32\windows.storage.dll
0x00007ffd4bd00000 - 0x00007ffd4c055000 	C:\WINDOWS\System32\combase.dll
0x00007ffd4a9e0000 - 0x00007ffd4aa0c000 	C:\WINDOWS\SYSTEM32\Wldp.dll
0x00007ffd4c280000 - 0x00007ffd4c32e000 	C:\WINDOWS\System32\SHCORE.dll
0x00007ffd4c460000 - 0x00007ffd4c4b5000 	C:\WINDOWS\System32\shlwapi.dll
0x00007ffd4aeb0000 - 0x00007ffd4aecf000 	C:\WINDOWS\SYSTEM32\profapi.dll
0x00007ffd060c0000 - 0x00007ffd060d9000 	C:\Program Files\AdoptOpenJDK\jdk-11.0.11.9-hotspot\bin\net.dll
0x00007ffd48170000 - 0x00007ffd4827b000 	C:\WINDOWS\SYSTEM32\WINHTTP.dll
0x00007ffd4a750000 - 0x00007ffd4a7ba000 	C:\WINDOWS\system32\mswsock.dll
0x00007ffd060a0000 - 0x00007ffd060b2000 	C:\Program Files\AdoptOpenJDK\jdk-11.0.11.9-hotspot\bin\nio.dll
0x000001c6e8320000 - 0x000001c6e8323000 	C:\Users\txamm\.openjfx\cache\16\api-ms-win-core-console-l1-1-0.dll
0x000001c6e8330000 - 0x000001c6e8333000 	C:\Users\txamm\.openjfx\cache\16\api-ms-win-core-console-l1-2-0.dll
0x000001c6e8340000 - 0x000001c6e8343000 	C:\Users\txamm\.openjfx\cache\16\api-ms-win-core-datetime-l1-1-0.dll
0x000001c6e8350000 - 0x000001c6e8353000 	C:\Users\txamm\.openjfx\cache\16\api-ms-win-core-debug-l1-1-0.dll
0x000001c6e8360000 - 0x000001c6e8363000 	C:\Users\txamm\.openjfx\cache\16\api-ms-win-core-errorhandling-l1-1-0.dll
0x000001c6e8370000 - 0x000001c6e8374000 	C:\Users\txamm\.openjfx\cache\16\api-ms-win-core-file-l1-1-0.dll
0x000001c6e8380000 - 0x000001c6e8383000 	C:\Users\txamm\.openjfx\cache\16\api-ms-win-core-file-l1-2-0.dll
0x000001c6e8390000 - 0x000001c6e8393000 	C:\Users\txamm\.openjfx\cache\16\api-ms-win-core-file-l2-1-0.dll
0x000001c6e83a0000 - 0x000001c6e83a3000 	C:\Users\txamm\.openjfx\cache\16\api-ms-win-core-handle-l1-1-0.dll
0x000001c6e83b0000 - 0x000001c6e83b3000 	C:\Users\txamm\.openjfx\cache\16\api-ms-win-core-heap-l1-1-0.dll
0x000001c6e83c0000 - 0x000001c6e83c3000 	C:\Users\txamm\.openjfx\cache\16\api-ms-win-core-interlocked-l1-1-0.dll
0x000001c6e83d0000 - 0x000001c6e83d3000 	C:\Users\txamm\.openjfx\cache\16\api-ms-win-core-libraryloader-l1-1-0.dll
0x000001c6e83e0000 - 0x000001c6e83e3000 	C:\Users\txamm\.openjfx\cache\16\api-ms-win-core-localization-l1-2-0.dll
0x000001c6e83f0000 - 0x000001c6e83f3000 	C:\Users\txamm\.openjfx\cache\16\api-ms-win-core-memory-l1-1-0.dll
0x000001c6e8400000 - 0x000001c6e8403000 	C:\Users\txamm\.openjfx\cache\16\api-ms-win-core-namedpipe-l1-1-0.dll
0x000001c6e8410000 - 0x000001c6e8413000 	C:\Users\txamm\.openjfx\cache\16\api-ms-win-core-processenvironment-l1-1-0.dll
0x000001c6e8420000 - 0x000001c6e8423000 	C:\Users\txamm\.openjfx\cache\16\api-ms-win-core-processthreads-l1-1-0.dll
0x000001c6e8430000 - 0x000001c6e8433000 	C:\Users\txamm\.openjfx\cache\16\api-ms-win-core-processthreads-l1-1-1.dll
0x000001c6e8440000 - 0x000001c6e8443000 	C:\Users\txamm\.openjfx\cache\16\api-ms-win-core-profile-l1-1-0.dll
0x000001c6e8450000 - 0x000001c6e8453000 	C:\Users\txamm\.openjfx\cache\16\api-ms-win-core-rtlsupport-l1-1-0.dll
0x000001c6e8460000 - 0x000001c6e8463000 	C:\Users\txamm\.openjfx\cache\16\api-ms-win-core-string-l1-1-0.dll
0x000001c6e8470000 - 0x000001c6e8473000 	C:\Users\txamm\.openjfx\cache\16\api-ms-win-core-synch-l1-1-0.dll
0x000001c6e8480000 - 0x000001c6e8483000 	C:\Users\txamm\.openjfx\cache\16\api-ms-win-core-synch-l1-2-0.dll
0x000001c6e8490000 - 0x000001c6e8493000 	C:\Users\txamm\.openjfx\cache\16\api-ms-win-core-sysinfo-l1-1-0.dll
0x000001c6e84a0000 - 0x000001c6e84a3000 	C:\Users\txamm\.openjfx\cache\16\api-ms-win-core-timezone-l1-1-0.dll
0x000001c6e84b0000 - 0x000001c6e84b3000 	C:\Users\txamm\.openjfx\cache\16\api-ms-win-core-util-l1-1-0.dll
0x000001c6e84c0000 - 0x000001c6e84c3000 	C:\Users\txamm\.openjfx\cache\16\api-ms-win-crt-conio-l1-1-0.dll
0x000001c6e84d0000 - 0x000001c6e84d4000 	C:\Users\txamm\.openjfx\cache\16\api-ms-win-crt-convert-l1-1-0.dll
0x000001c6e84e0000 - 0x000001c6e84e3000 	C:\Users\txamm\.openjfx\cache\16\api-ms-win-crt-environment-l1-1-0.dll
0x000001c6e84f0000 - 0x000001c6e84f3000 	C:\Users\txamm\.openjfx\cache\16\api-ms-win-crt-filesystem-l1-1-0.dll
0x000001c6e8500000 - 0x000001c6e8503000 	C:\Users\txamm\.openjfx\cache\16\api-ms-win-crt-heap-l1-1-0.dll
0x000001c6e8510000 - 0x000001c6e8513000 	C:\Users\txamm\.openjfx\cache\16\api-ms-win-crt-locale-l1-1-0.dll
0x000001c6e8520000 - 0x000001c6e8525000 	C:\Users\txamm\.openjfx\cache\16\api-ms-win-crt-math-l1-1-0.dll
0x000001c6e8530000 - 0x000001c6e8535000 	C:\Users\txamm\.openjfx\cache\16\api-ms-win-crt-multibyte-l1-1-0.dll
0x000001c6e8540000 - 0x000001c6e8550000 	C:\Users\txamm\.openjfx\cache\16\api-ms-win-crt-private-l1-1-0.dll
0x000001c6e8550000 - 0x000001c6e8553000 	C:\Users\txamm\.openjfx\cache\16\api-ms-win-crt-process-l1-1-0.dll
0x000001c6e8560000 - 0x000001c6e8564000 	C:\Users\txamm\.openjfx\cache\16\api-ms-win-crt-runtime-l1-1-0.dll
0x000001c6e8570000 - 0x000001c6e8574000 	C:\Users\txamm\.openjfx\cache\16\api-ms-win-crt-stdio-l1-1-0.dll
0x000001c6e8580000 - 0x000001c6e8584000 	C:\Users\txamm\.openjfx\cache\16\api-ms-win-crt-string-l1-1-0.dll
0x000001c6e8590000 - 0x000001c6e8593000 	C:\Users\txamm\.openjfx\cache\16\api-ms-win-crt-time-l1-1-0.dll
0x000001c6e85a0000 - 0x000001c6e85a3000 	C:\Users\txamm\.openjfx\cache\16\api-ms-win-crt-utility-l1-1-0.dll
0x00007ffcf68b0000 - 0x00007ffcf69ac000 	C:\Users\txamm\.openjfx\cache\16\ucrtbase.dll
0x00007ffd04040000 - 0x00007ffd04059000 	C:\Users\txamm\.openjfx\cache\16\vcruntime140.dll
0x00007ffd357a0000 - 0x00007ffd357ac000 	C:\Users\txamm\.openjfx\cache\16\vcruntime140_1.dll
0x00007ffcf6810000 - 0x00007ffcf68a1000 	C:\Users\txamm\.openjfx\cache\16\msvcp140.dll
0x00007ffd01960000 - 0x00007ffd01987000 	C:\Users\txamm\.openjfx\cache\16\prism_d3d.dll
0x00007ffcf6520000 - 0x00007ffcf66ee000 	C:\WINDOWS\system32\d3d9.dll
0x00007ffd48c90000 - 0x00007ffd48cbf000 	C:\WINDOWS\SYSTEM32\dwmapi.dll
0x00007ffd48060000 - 0x00007ffd480fe000 	C:\WINDOWS\system32\uxtheme.dll
0x00007ffcf5d20000 - 0x00007ffcf5e85000 	C:\WINDOWS\System32\DriverStore\FileRepository\35_dell_corp_mobile_whl_iigd_dch.inf_amd64_cc789a40faceefc1\igdumdim64.dll
0x00007ffd4c090000 - 0x00007ffd4c1ba000 	C:\WINDOWS\System32\ole32.dll
0x00007ffcbfc50000 - 0x00007ffcc460e000 	C:\WINDOWS\System32\DriverStore\FileRepository\35_dell_corp_mobile_whl_iigd_dch.inf_amd64_cc789a40faceefc1\igd9dxva64.dll
0x00007ffd4b9d0000 - 0x00007ffd4ba9d000 	C:\WINDOWS\System32\OLEAUT32.dll
0x00007ffd4c760000 - 0x00007ffd4cbc9000 	C:\WINDOWS\System32\SETUPAPI.dll
0x00007ffd4b020000 - 0x00007ffd4b06e000 	C:\WINDOWS\System32\cfgmgr32.dll
0x00007ffd4b2e0000 - 0x00007ffd4b307000 	C:\WINDOWS\System32\bcrypt.dll
0x00007ffd3a7a0000 - 0x00007ffd3aad0000 	C:\WINDOWS\System32\DriverStore\FileRepository\35_dell_corp_mobile_whl_iigd_dch.inf_amd64_cc789a40faceefc1\igdgmm64.dll
0x00007ffcf7690000 - 0x00007ffcf76d2000 	C:\Users\txamm\.openjfx\cache\16\glass.dll
0x00007ffd4b8f0000 - 0x00007ffd4b9ca000 	C:\WINDOWS\System32\COMDLG32.dll
0x00007ffd4c4c0000 - 0x00007ffd4c5d5000 	C:\WINDOWS\System32\MSCTF.dll
0x00007ffd043c0000 - 0x00007ffd043e7000 	C:\WINDOWS\System32\DriverStore\FileRepository\35_dell_corp_mobile_whl_iigd_dch.inf_amd64_cc789a40faceefc1\igdinfo64.dll
0x00007ffd37ab0000 - 0x00007ffd3a79a000 	C:\WINDOWS\System32\DriverStore\FileRepository\35_dell_corp_mobile_whl_iigd_dch.inf_amd64_cc789a40faceefc1\igc64.dll
0x00007ffd3d940000 - 0x00007ffd3d97b000 	C:\WINDOWS\SYSTEM32\dxcore.dll
0x00007ffd039f0000 - 0x00007ffd03a04000 	C:\Users\txamm\.openjfx\cache\16\javafx_font.dll
0x00007ffd34f70000 - 0x00007ffd351ef000 	C:\WINDOWS\SYSTEM32\dwrite.dll
0x00007ffd4cf10000 - 0x00007ffd4cfb9000 	C:\WINDOWS\System32\clbcatq.dll
0x00007ffd3cfd0000 - 0x00007ffd3d184000 	C:\WINDOWS\SYSTEM32\WindowsCodecs.dll
0x00007ffd229f0000 - 0x00007ffd22a2e000 	C:\WINDOWS\system32\dataexchange.dll
0x00007ffd472b0000 - 0x00007ffd47495000 	C:\WINDOWS\system32\dcomp.dll
0x00007ffd47040000 - 0x00007ffd472a4000 	C:\WINDOWS\system32\d3d11.dll
0x00007ffd498b0000 - 0x00007ffd499a4000 	C:\WINDOWS\system32\dxgi.dll
0x00007ffd43310000 - 0x00007ffd43511000 	C:\WINDOWS\system32\twinapi.appcore.dll
0x00007ffcf64e0000 - 0x00007ffcf6514000 	C:\Program Files\Common Files\Microsoft Shared\Ink\rtscom.dll
0x00007ffd22b30000 - 0x00007ffd22c29000 	C:\WINDOWS\SYSTEM32\textinputframework.dll
0x00007ffd47df0000 - 0x00007ffd47ee2000 	C:\WINDOWS\System32\CoreMessaging.dll
0x00007ffd47990000 - 0x00007ffd47cee000 	C:\WINDOWS\System32\CoreUIComponents.dll
0x00007ffd49cb0000 - 0x00007ffd49ce3000 	C:\WINDOWS\SYSTEM32\ntmarta.dll
0x00007ffd474a0000 - 0x00007ffd475f4000 	C:\WINDOWS\SYSTEM32\wintypes.dll
0x00007ffd000b0000 - 0x00007ffd00116000 	C:\WINDOWS\system32\Oleacc.dll
0x00007ffd46a80000 - 0x00007ffd47040000 	C:\WINDOWS\SYSTEM32\d2d1.dll
0x00007ffd3bf80000 - 0x00007ffd3c676000 	C:\WINDOWS\SYSTEM32\D3D10Warp.dll
0x00007ffd4a930000 - 0x00007ffd4a948000 	C:\WINDOWS\SYSTEM32\CRYPTSP.dll
0x00007ffd4a080000 - 0x00007ffd4a0b4000 	C:\WINDOWS\system32\rsaenh.dll
0x00007ffd4ae70000 - 0x00007ffd4ae9e000 	C:\WINDOWS\SYSTEM32\USERENV.dll

dbghelp: loaded successfully - version: 4.0.5 - missing functions: none
symbol engine: initialized successfully - sym options: 0x614 - pdb path: .;C:\Program Files\AdoptOpenJDK\jdk-11.0.11.9-hotspot\bin;C:\WINDOWS\SYSTEM32;C:\WINDOWS\WinSxS\amd64_microsoft.windows.common-controls_6595b64144ccf1df_6.0.19041.844_none_ca00b6081b84eb1d;C:\Program Files\AdoptOpenJDK\jdk-11.0.11.9-hotspot\bin\server;C:\Users\txamm\.openjfx\cache\16;C:\WINDOWS\System32\DriverStore\FileRepository\35_dell_corp_mobile_whl_iigd_dch.inf_amd64_cc789a40faceefc1;C:\Program Files\Common Files\Microsoft Shared\Ink

VM Arguments:
java_command: D:\Information4cs2_1\Final_Project\Library_Project\out\artifacts\Library_Project_jar\Library_Project.jar
java_class_path (initial): D:\Information4cs2_1\Final_Project\Library_Project\out\artifacts\Library_Project_jar\Library_Project.jar
Launcher Type: SUN_STANDARD

[Global flags]
     intx CICompilerCount                          = 4                                         {product} {ergonomic}
     uint ConcGCThreads                            = 2                                         {product} {ergonomic}
     uint G1ConcRefinementThreads                  = 8                                         {product} {ergonomic}
   size_t G1HeapRegionSize                         = 1048576                                   {product} {ergonomic}
    uintx GCDrainStackTargetSize                   = 64                                        {product} {ergonomic}
   size_t InitialHeapSize                          = 132120576                                 {product} {ergonomic}
   size_t MarkStackSize                            = 4194304                                   {product} {ergonomic}
   size_t MaxHeapSize                              = 2084569088                                {product} {ergonomic}
   size_t MaxNewSize                               = 1249902592                                {product} {ergonomic}
   size_t MinHeapDeltaBytes                        = 1048576                                   {product} {ergonomic}
    uintx NonNMethodCodeHeapSize                   = 5836300                                {pd product} {ergonomic}
    uintx NonProfiledCodeHeapSize                  = 122910970                              {pd product} {ergonomic}
    uintx ProfiledCodeHeapSize                     = 122910970                              {pd product} {ergonomic}
    uintx ReservedCodeCacheSize                    = 251658240                              {pd product} {ergonomic}
     bool SegmentedCodeCache                       = true                                      {product} {ergonomic}
     bool UseCompressedClassPointers               = true                                 {lp64_product} {ergonomic}
     bool UseCompressedOops                        = true                                 {lp64_product} {ergonomic}
     bool UseG1GC                                  = true                                      {product} {ergonomic}
     bool UseLargePagesIndividualAllocation        = false                                  {pd product} {ergonomic}

Logging:
Log output configuration:
 #0: stdout all=warning uptime,level,tags
 #1: stderr all=off uptime,level,tags

Environment Variables:
JAVA_HOME=C:\Program Files\AdoptOpenJDK\jdk-11.0.11.9-hotspot\;
PATH=C:\Program Files\AdoptOpenJDK\jdk-11.0.11.9-hotspot\bin;C:\Program Files\Common Files\Oracle\Java\javapath;C:\ProgramData\Oracle\Java\javapath;C:\Python38\Scripts\;C:\Python38\;C:\WINDOWS\system32;C:\WINDOWS;C:\WINDOWS\System32\Wbem;C:\WINDOWS\System32\WindowsPowerShell\v1.0\;C:\WINDOWS\System32\OpenSSH\;C:\Program Files\nodejs\;C:\ProgramData\chocolatey\bin;C:\Program Files\AdoptOpenJDK\jdk-11.0.11.9-hotspot\;\bin;C:\Program Files\Java\javafx-jmods-15.0.1;C:\Program Files\Java\apache-maven-3.6.3\bin;C:\Program Files\Java\javafx-sdk-15.0.1\lib;C:\Program Files\Java\jdk-11.0.6\bin;C:\xampp;C:\Users\txamm\flutter\bin;C:\Users\txamm\AppData\Local\Android\Sdk\emulator\emulator.exe;C:\Users\txamm\AppData\Local\Android\Sdk\tools;C:\Users\txamm\AppData\Local\Android\Sdk\platform-tools;C:\tools\dart-sdk\bin;C:\Program Files\dotnet\;C:\Program Files\Microsoft SQL Server\120\Tools\Binn\;C:\Program Files\Microsoft SQL Server\Client SDK\ODBC\110\Tools\Binn\;C:\Program Files (x86)\Microsoft SQL Server\120\Tools\Binn\;C:\Program Files\Microsoft SQL Server\120\DTS\Binn\;C:\Program Files (x86)\Microsoft SQL Server\120\Tools\Binn\ManagementStudio\;C:\Program Files (x86)\Microsoft SQL Server\120\DTS\Binn\;C:\Program Files\Microsoft VS Code\bin;C:\Program Files\MariaDB 10.5\bin;C:\Program Files\MariaDB\MariaDB Connector C 64-bit\lib\;C:\Program Files\MariaDB\MariaDB Connector C 64-bit\lib\plugin\;C:\Program Files\Java\apache-maven-3.6.3\bin;C:\Program Files\Microsoft SQL Server\130\Tools\Binn\;C:\Program Files\Microsoft SQL Server\Client SDK\ODBC\170\Tools\Binn\;C:\Program Files\RedHat\java-15-openjdk-jre-15.0.1-1\bin;C:\Program Files (x86)\dotnet\;C:\Program Files\Git\cmd;C:\Users\txamm\AppData\Local\Microsoft\WindowsApps;C:\Users\txamm\AppData\Roaming\npm;C:\ProgramData\txamm\GitHubDesktop\bin;C:\Users\txamm\.dotnet\tools;C:\Users\txamm\AppData\Roaming\Pub\Cache\bin;C:\Program Files\Java\jdk-11.0.6;C:\Program Files\JetBrains\IntelliJ IDEA Community Edition 2020.2.3\bin
USERNAME=txamm
OS=Windows_NT
PROCESSOR_IDENTIFIER=Intel64 Family 6 Model 142 Stepping 11, GenuineIntel



---------------  S Y S T E M  ---------------

OS: Windows 10 , 64 bit Build 19041 (10.0.19041.928)
OS uptime: 6 days 2:21 hours

CPU:total 8 (initial active 8) (4 cores per cpu, 2 threads per core) family 6 model 142 stepping 11 microcode 0xde, cmov, cx8, fxsr, mmx, sse, sse2, sse3, ssse3, sse4.1, sse4.2, popcnt, avx, avx2, aes, clmul, erms, 3dnowpref, lzcnt, ht, tsc, tscinvbit, bmi1, bmi2, adx, fma

Memory: 4k page, system-wide physical 7948M (1620M free)
TotalPageFile size 20748M (AvailPageFile size 8155M)
current process WorkingSet (physical memory assigned to process): 239M, peak: 268M
current process commit charge ("private bytes"): 351M, peak: 378M

vm_info: OpenJDK 64-Bit Server VM (11.0.11+9) for windows-amd64 JRE (11.0.11+9), built on Apr 20 2021 21:22:09 by "" with MS VC++ 15.9 (VS2017)

END.
